CRITICAL - 2023-05-18 00:40:58 --> Invalid file: "admin/layout/head.php"
in SYSTEMPATH\Exceptions\FrameworkException.php on line 33.
 1 SYSTEMPATH\View\View.php(201): CodeIgniter\Exceptions\FrameworkException::forInvalidFile('admin/layout/head.php')
 2 SYSTEMPATH\Common.php(1184): CodeIgniter\View\View->render('admin/layout/head', [], true)
 3 APPPATH\Controllers\Admin.php(16): view('admin/layout/head')
 4 SYSTEMPATH\CodeIgniter.php(934): App\Controllers\Admin->dashboard()
 5 SYSTEMPATH\CodeIgniter.php(499): CodeIgniter\CodeIgniter->runController(Object(App\Controllers\Admin))
 6 SYSTEMPATH\CodeIgniter.php(368): CodeIgniter\CodeIgniter->handleRequest(null, Object(Config\Cache), false)
 7 FCPATH\index.php(67): CodeIgniter\CodeIgniter->run()
CRITICAL - 2023-05-18 00:42:05 --> Undefined variable $cants
in APPPATH\Views\admin\index.php on line 26.
 1 APPPATH\Views\admin\index.php(26): CodeIgniter\Debug\Exceptions->errorHandler(2, 'Undefined variable $cants', 'C:\\xampp\\htdocs\\FAMISALUD\\app\\Views\\admin\\index.php', 26)
 2 SYSTEMPATH\View\View.php(213): include('C:\\xampp\\htdocs\\FAMISALUD\\app\\Views\\admin\\index.php')
 3 SYSTEMPATH\View\View.php(216): CodeIgniter\View\View->CodeIgniter\View\{closure}()
 4 SYSTEMPATH\Common.php(1184): CodeIgniter\View\View->render('admin/index', [], true)
 5 APPPATH\Controllers\Home.php(18): view('admin/index')
 6 SYSTEMPATH\CodeIgniter.php(934): App\Controllers\Home->admin()
 7 SYSTEMPATH\CodeIgniter.php(499): CodeIgniter\CodeIgniter->runController(Object(App\Controllers\Home))
 8 SYSTEMPATH\CodeIgniter.php(368): CodeIgniter\CodeIgniter->handleRequest(null, Object(Config\Cache), false)
 9 FCPATH\index.php(67): CodeIgniter\CodeIgniter->run()
