CRITICAL - 2023-05-05 06:36:29 --> The framework needs the following extension(s) installed and loaded: intl.
in SYSTEMPATH\CodeIgniter.php on line 226.
 1 SYSTEMPATH\CodeIgniter.php(226): CodeIgniter\Exceptions\FrameworkException::forMissingExtension('intl')
 2 SYSTEMPATH\CodeIgniter.php(190): CodeIgniter\CodeIgniter->resolvePlatformExtensions()
 3 FCPATH\index.php(55): CodeIgniter\CodeIgniter->initialize()
CRITICAL - 2023-05-05 06:05:40 --> Invalid file: "client/template/header.php"
in SYSTEMPATH\Exceptions\FrameworkException.php on line 33.
 1 SYSTEMPATH\View\View.php(201): CodeIgniter\Exceptions\FrameworkException::forInvalidFile('client/template/header.php')
 2 SYSTEMPATH\Common.php(1184): CodeIgniter\View\View->render('client/template/header', [], true)
 3 APPPATH\Controllers\Client.php(9): view('client/template/header')
 4 SYSTEMPATH\CodeIgniter.php(934): App\Controllers\Client->index()
 5 SYSTEMPATH\CodeIgniter.php(499): CodeIgniter\CodeIgniter->runController(Object(App\Controllers\Client))
 6 SYSTEMPATH\CodeIgniter.php(368): CodeIgniter\CodeIgniter->handleRequest(null, Object(Config\Cache), false)
 7 FCPATH\index.php(67): CodeIgniter\CodeIgniter->run()
CRITICAL - 2023-05-05 06:05:43 --> Invalid file: "client/template/header.php"
in SYSTEMPATH\Exceptions\FrameworkException.php on line 33.
 1 SYSTEMPATH\View\View.php(201): CodeIgniter\Exceptions\FrameworkException::forInvalidFile('client/template/header.php')
 2 SYSTEMPATH\Common.php(1184): CodeIgniter\View\View->render('client/template/header', [], true)
 3 APPPATH\Controllers\Client.php(9): view('client/template/header')
 4 SYSTEMPATH\CodeIgniter.php(934): App\Controllers\Client->index()
 5 SYSTEMPATH\CodeIgniter.php(499): CodeIgniter\CodeIgniter->runController(Object(App\Controllers\Client))
 6 SYSTEMPATH\CodeIgniter.php(368): CodeIgniter\CodeIgniter->handleRequest(null, Object(Config\Cache), false)
 7 FCPATH\index.php(67): CodeIgniter\CodeIgniter->run()
CRITICAL - 2023-05-05 06:05:44 --> Invalid file: "client/template/header.php"
in SYSTEMPATH\Exceptions\FrameworkException.php on line 33.
 1 SYSTEMPATH\View\View.php(201): CodeIgniter\Exceptions\FrameworkException::forInvalidFile('client/template/header.php')
 2 SYSTEMPATH\Common.php(1184): CodeIgniter\View\View->render('client/template/header', [], true)
 3 APPPATH\Controllers\Client.php(9): view('client/template/header')
 4 SYSTEMPATH\CodeIgniter.php(934): App\Controllers\Client->index()
 5 SYSTEMPATH\CodeIgniter.php(499): CodeIgniter\CodeIgniter->runController(Object(App\Controllers\Client))
 6 SYSTEMPATH\CodeIgniter.php(368): CodeIgniter\CodeIgniter->handleRequest(null, Object(Config\Cache), false)
 7 FCPATH\index.php(67): CodeIgniter\CodeIgniter->run()
CRITICAL - 2023-05-05 06:05:45 --> Invalid file: "client/template/header.php"
in SYSTEMPATH\Exceptions\FrameworkException.php on line 33.
 1 SYSTEMPATH\View\View.php(201): CodeIgniter\Exceptions\FrameworkException::forInvalidFile('client/template/header.php')
 2 SYSTEMPATH\Common.php(1184): CodeIgniter\View\View->render('client/template/header', [], true)
 3 APPPATH\Controllers\Client.php(9): view('client/template/header')
 4 SYSTEMPATH\CodeIgniter.php(934): App\Controllers\Client->index()
 5 SYSTEMPATH\CodeIgniter.php(499): CodeIgniter\CodeIgniter->runController(Object(App\Controllers\Client))
 6 SYSTEMPATH\CodeIgniter.php(368): CodeIgniter\CodeIgniter->handleRequest(null, Object(Config\Cache), false)
 7 FCPATH\index.php(67): CodeIgniter\CodeIgniter->run()
CRITICAL - 2023-05-05 06:05:45 --> Invalid file: "client/template/header.php"
in SYSTEMPATH\Exceptions\FrameworkException.php on line 33.
 1 SYSTEMPATH\View\View.php(201): CodeIgniter\Exceptions\FrameworkException::forInvalidFile('client/template/header.php')
 2 SYSTEMPATH\Common.php(1184): CodeIgniter\View\View->render('client/template/header', [], true)
 3 APPPATH\Controllers\Client.php(9): view('client/template/header')
 4 SYSTEMPATH\CodeIgniter.php(934): App\Controllers\Client->index()
 5 SYSTEMPATH\CodeIgniter.php(499): CodeIgniter\CodeIgniter->runController(Object(App\Controllers\Client))
 6 SYSTEMPATH\CodeIgniter.php(368): CodeIgniter\CodeIgniter->handleRequest(null, Object(Config\Cache), false)
 7 FCPATH\index.php(67): CodeIgniter\CodeIgniter->run()
CRITICAL - 2023-05-05 06:06:12 --> Invalid file: "client/template/header.php"
in SYSTEMPATH\Exceptions\FrameworkException.php on line 33.
 1 SYSTEMPATH\View\View.php(201): CodeIgniter\Exceptions\FrameworkException::forInvalidFile('client/template/header.php')
 2 SYSTEMPATH\Common.php(1184): CodeIgniter\View\View->render('client/template/header', [], true)
 3 APPPATH\Controllers\Client.php(9): view('client/template/header')
 4 SYSTEMPATH\CodeIgniter.php(934): App\Controllers\Client->index()
 5 SYSTEMPATH\CodeIgniter.php(499): CodeIgniter\CodeIgniter->runController(Object(App\Controllers\Client))
 6 SYSTEMPATH\CodeIgniter.php(368): CodeIgniter\CodeIgniter->handleRequest(null, Object(Config\Cache), false)
 7 FCPATH\index.php(67): CodeIgniter\CodeIgniter->run()
CRITICAL - 2023-05-05 06:07:02 --> Invalid file: "client/template/header.php"
in SYSTEMPATH\Exceptions\FrameworkException.php on line 33.
 1 SYSTEMPATH\View\View.php(201): CodeIgniter\Exceptions\FrameworkException::forInvalidFile('client/template/header.php')
 2 SYSTEMPATH\Common.php(1184): CodeIgniter\View\View->render('client/template/header', [], true)
 3 APPPATH\Controllers\Client.php(9): view('client/template/header')
 4 SYSTEMPATH\CodeIgniter.php(934): App\Controllers\Client->index()
 5 SYSTEMPATH\CodeIgniter.php(499): CodeIgniter\CodeIgniter->runController(Object(App\Controllers\Client))
 6 SYSTEMPATH\CodeIgniter.php(368): CodeIgniter\CodeIgniter->handleRequest(null, Object(Config\Cache), false)
 7 FCPATH\index.php(67): CodeIgniter\CodeIgniter->run()
CRITICAL - 2023-05-05 06:07:02 --> Invalid file: "client/template/header.php"
in SYSTEMPATH\Exceptions\FrameworkException.php on line 33.
 1 SYSTEMPATH\View\View.php(201): CodeIgniter\Exceptions\FrameworkException::forInvalidFile('client/template/header.php')
 2 SYSTEMPATH\Common.php(1184): CodeIgniter\View\View->render('client/template/header', [], true)
 3 APPPATH\Controllers\Client.php(9): view('client/template/header')
 4 SYSTEMPATH\CodeIgniter.php(934): App\Controllers\Client->index()
 5 SYSTEMPATH\CodeIgniter.php(499): CodeIgniter\CodeIgniter->runController(Object(App\Controllers\Client))
 6 SYSTEMPATH\CodeIgniter.php(368): CodeIgniter\CodeIgniter->handleRequest(null, Object(Config\Cache), false)
 7 FCPATH\index.php(67): CodeIgniter\CodeIgniter->run()
CRITICAL - 2023-05-05 06:07:03 --> Invalid file: "client/template/header.php"
in SYSTEMPATH\Exceptions\FrameworkException.php on line 33.
 1 SYSTEMPATH\View\View.php(201): CodeIgniter\Exceptions\FrameworkException::forInvalidFile('client/template/header.php')
 2 SYSTEMPATH\Common.php(1184): CodeIgniter\View\View->render('client/template/header', [], true)
 3 APPPATH\Controllers\Client.php(9): view('client/template/header')
 4 SYSTEMPATH\CodeIgniter.php(934): App\Controllers\Client->index()
 5 SYSTEMPATH\CodeIgniter.php(499): CodeIgniter\CodeIgniter->runController(Object(App\Controllers\Client))
 6 SYSTEMPATH\CodeIgniter.php(368): CodeIgniter\CodeIgniter->handleRequest(null, Object(Config\Cache), false)
 7 FCPATH\index.php(67): CodeIgniter\CodeIgniter->run()
CRITICAL - 2023-05-05 06:07:03 --> Invalid file: "client/template/header.php"
in SYSTEMPATH\Exceptions\FrameworkException.php on line 33.
 1 SYSTEMPATH\View\View.php(201): CodeIgniter\Exceptions\FrameworkException::forInvalidFile('client/template/header.php')
 2 SYSTEMPATH\Common.php(1184): CodeIgniter\View\View->render('client/template/header', [], true)
 3 APPPATH\Controllers\Client.php(9): view('client/template/header')
 4 SYSTEMPATH\CodeIgniter.php(934): App\Controllers\Client->index()
 5 SYSTEMPATH\CodeIgniter.php(499): CodeIgniter\CodeIgniter->runController(Object(App\Controllers\Client))
 6 SYSTEMPATH\CodeIgniter.php(368): CodeIgniter\CodeIgniter->handleRequest(null, Object(Config\Cache), false)
 7 FCPATH\index.php(67): CodeIgniter\CodeIgniter->run()
CRITICAL - 2023-05-05 06:07:03 --> Invalid file: "client/template/header.php"
in SYSTEMPATH\Exceptions\FrameworkException.php on line 33.
 1 SYSTEMPATH\View\View.php(201): CodeIgniter\Exceptions\FrameworkException::forInvalidFile('client/template/header.php')
 2 SYSTEMPATH\Common.php(1184): CodeIgniter\View\View->render('client/template/header', [], true)
 3 APPPATH\Controllers\Client.php(9): view('client/template/header')
 4 SYSTEMPATH\CodeIgniter.php(934): App\Controllers\Client->index()
 5 SYSTEMPATH\CodeIgniter.php(499): CodeIgniter\CodeIgniter->runController(Object(App\Controllers\Client))
 6 SYSTEMPATH\CodeIgniter.php(368): CodeIgniter\CodeIgniter->handleRequest(null, Object(Config\Cache), false)
 7 FCPATH\index.php(67): CodeIgniter\CodeIgniter->run()
CRITICAL - 2023-05-05 06:07:31 --> Invalid file: "client/template/header.php"
in SYSTEMPATH\Exceptions\FrameworkException.php on line 33.
 1 SYSTEMPATH\View\View.php(201): CodeIgniter\Exceptions\FrameworkException::forInvalidFile('client/template/header.php')
 2 SYSTEMPATH\Common.php(1184): CodeIgniter\View\View->render('client/template/header', [], true)
 3 APPPATH\Controllers\Client.php(9): view('client/template/header')
 4 SYSTEMPATH\CodeIgniter.php(934): App\Controllers\Client->index()
 5 SYSTEMPATH\CodeIgniter.php(499): CodeIgniter\CodeIgniter->runController(Object(App\Controllers\Client))
 6 SYSTEMPATH\CodeIgniter.php(368): CodeIgniter\CodeIgniter->handleRequest(null, Object(Config\Cache), false)
 7 FCPATH\index.php(67): CodeIgniter\CodeIgniter->run()
CRITICAL - 2023-05-05 06:07:32 --> Invalid file: "client/template/header.php"
in SYSTEMPATH\Exceptions\FrameworkException.php on line 33.
 1 SYSTEMPATH\View\View.php(201): CodeIgniter\Exceptions\FrameworkException::forInvalidFile('client/template/header.php')
 2 SYSTEMPATH\Common.php(1184): CodeIgniter\View\View->render('client/template/header', [], true)
 3 APPPATH\Controllers\Client.php(9): view('client/template/header')
 4 SYSTEMPATH\CodeIgniter.php(934): App\Controllers\Client->index()
 5 SYSTEMPATH\CodeIgniter.php(499): CodeIgniter\CodeIgniter->runController(Object(App\Controllers\Client))
 6 SYSTEMPATH\CodeIgniter.php(368): CodeIgniter\CodeIgniter->handleRequest(null, Object(Config\Cache), false)
 7 FCPATH\index.php(67): CodeIgniter\CodeIgniter->run()
CRITICAL - 2023-05-05 06:07:32 --> Invalid file: "client/template/header.php"
in SYSTEMPATH\Exceptions\FrameworkException.php on line 33.
 1 SYSTEMPATH\View\.phpView(201): CodeIgniter\Exceptions\FrameworkException::forInvalidFile('client/template/header.php')
 2 SYSTEMPATH\Common.php(1184): CodeIgniter\View\View->render('client/template/header', [], true)
 3 APPPATH\Controllers\Client.php(9): view('client/template/header')
 4 SYSTEMPATH\CodeIgniter.php(934): App\Controllers\Client->index()
 5 SYSTEMPATH\CodeIgniter.php(499): CodeIgniter\CodeIgniter->runController(Object(App\Controllers\Client))
 6 SYSTEMPATH\CodeIgniter.php(368): CodeIgniter\CodeIgniter->handleRequest(null, Object(Config\Cache), false)
 7 FCPATH\index.php(67): CodeIgniter\CodeIgniter->run()
