CRITICAL - 2023-05-17 03:50:58 --> Undefined property: CodeIgniter\View\View::$session
in APPPATH\Views\admin\layout\topnav.php on line 63.
 1 APPPATH\Views\admin\layout\topnav.php(63): CodeIgniter\Debug\Exceptions->errorHandler(2, 'Undefined property: CodeIgniter\\View\\View::$session', 'C:\\xampp\\htdocs\\FAMISALUD\\app\\Views\\admin\\layout\\topnav.php', 63)
 2 SYSTEMPATH\View\View.php(213): include('C:\\xampp\\htdocs\\FAMISALUD\\app\\Views\\admin\\layout\\topnav.php')
 3 SYSTEMPATH\View\View.php(216): CodeIgniter\View\View->CodeIgniter\View\{closure}()
 4 SYSTEMPATH\Common.php(1184): CodeIgniter\View\View->render('admin/layout/topnav', [], true)
 5 APPPATH\Controllers\Admin.php(11): view('admin/layout/topnav')
 6 SYSTEMPATH\CodeIgniter.php(934): App\Controllers\Admin->dashboard()
 7 SYSTEMPATH\CodeIgniter.php(499): CodeIgniter\CodeIgniter->runController(Object(App\Controllers\Admin))
 8 SYSTEMPATH\CodeIgniter.php(368): CodeIgniter\CodeIgniter->handleRequest(null, Object(Config\Cache), false)
 9 FCPATH\index.php(67): CodeIgniter\CodeIgniter->run()
CRITICAL - 2023-05-17 03:51:34 --> Undefined property: CodeIgniter\View\View::$session
in APPPATH\Views\admin\layout\topnav.php on line 63.
 1 APPPATH\Views\admin\layout\topnav.php(63): CodeIgniter\Debug\Exceptions->errorHandler(2, 'Undefined property: CodeIgniter\\View\\View::$session', 'C:\\xampp\\htdocs\\FAMISALUD\\app\\Views\\admin\\layout\\topnav.php', 63)
 2 SYSTEMPATH\View\View.php(213): include('C:\\xampp\\htdocs\\FAMISALUD\\app\\Views\\admin\\layout\\topnav.php')
 3 SYSTEMPATH\View\View.php(216): CodeIgniter\View\View->CodeIgniter\View\{closure}()
 4 SYSTEMPATH\Common.php(1184): CodeIgniter\View\View->render('admin/layout/topnav', [], true)
 5 APPPATH\Controllers\Admin.php(11): view('admin/layout/topnav')
 6 SYSTEMPATH\CodeIgniter.php(934): App\Controllers\Admin->dashboard()
 7 SYSTEMPATH\CodeIgniter.php(499): CodeIgniter\CodeIgniter->runController(Object(App\Controllers\Admin))
 8 SYSTEMPATH\CodeIgniter.php(368): CodeIgniter\CodeIgniter->handleRequest(null, Object(Config\Cache), false)
 9 FCPATH\index.php(67): CodeIgniter\CodeIgniter->run()
CRITICAL - 2023-05-17 03:54:03 --> Undefined variable $data
in APPPATH\Controllers\Admin.php on line 12.
 1 APPPATH\Controllers\Admin.php(12): CodeIgniter\Debug\Exceptions->errorHandler(2, 'Undefined variable $data', 'C:\\xampp\\htdocs\\FAMISALUD\\app\\Controllers\\Admin.php', 12)
 2 SYSTEMPATH\CodeIgniter.php(934): App\Controllers\Admin->dashboard()
 3 SYSTEMPATH\CodeIgniter.php(499): CodeIgniter\CodeIgniter->runController(Object(App\Controllers\Admin))
 4 SYSTEMPATH\CodeIgniter.php(368): CodeIgniter\CodeIgniter->handleRequest(null, Object(Config\Cache), false)
 5 FCPATH\index.php(67): CodeIgniter\CodeIgniter->run()
CRITICAL - 2023-05-17 04:17:45 --> Undefined variable $data
in APPPATH\Controllers\Admin.php on line 12.
 1 APPPATH\Controllers\Admin.php(12): CodeIgniter\Debug\Exceptions->errorHandler(2, 'Undefined variable $data', 'C:\\xampp\\htdocs\\FAMISALUD\\app\\Controllers\\Admin.php', 12)
 2 SYSTEMPATH\CodeIgniter.php(934): App\Controllers\Admin->dashboard()
 3 SYSTEMPATH\CodeIgniter.php(499): CodeIgniter\CodeIgniter->runController(Object(App\Controllers\Admin))
 4 SYSTEMPATH\CodeIgniter.php(368): CodeIgniter\CodeIgniter->handleRequest(null, Object(Config\Cache), false)
 5 FCPATH\index.php(67): CodeIgniter\CodeIgniter->run()
CRITICAL - 2023-05-17 04:17:46 --> Class "App\Controllers\Cita" not found
in APPPATH\Controllers\Admin.php on line 21.
 1 SYSTEMPATH\CodeIgniter.php(934): App\Controllers\Admin->cita()
 2 SYSTEMPATH\CodeIgniter.php(499): CodeIgniter\CodeIgniter->runController(Object(App\Controllers\Admin))
 3 SYSTEMPATH\CodeIgniter.php(368): CodeIgniter\CodeIgniter->handleRequest(null, Object(Config\Cache), false)
 4 FCPATH\index.php(67): CodeIgniter\CodeIgniter->run()
CRITICAL - 2023-05-17 04:18:11 --> Undefined variable $data
in APPPATH\Controllers\Admin.php on line 12.
 1 APPPATH\Controllers\Admin.php(12): CodeIgniter\Debug\Exceptions->errorHandler(2, 'Undefined variable $data', 'C:\\xampp\\htdocs\\FAMISALUD\\app\\Controllers\\Admin.php', 12)
 2 SYSTEMPATH\CodeIgniter.php(934): App\Controllers\Admin->dashboard()
 3 SYSTEMPATH\CodeIgniter.php(499): CodeIgniter\CodeIgniter->runController(Object(App\Controllers\Admin))
 4 SYSTEMPATH\CodeIgniter.php(368): CodeIgniter\CodeIgniter->handleRequest(null, Object(Config\Cache), false)
 5 FCPATH\index.php(67): CodeIgniter\CodeIgniter->run()
CRITICAL - 2023-05-17 04:23:10 --> Undefined variable $cants
in APPPATH\Views\admin\dashboard.php on line 26.
 1 APPPATH\Views\admin\dashboard.php(26): CodeIgniter\Debug\Exceptions->errorHandler(2, 'Undefined variable $cants', 'C:\\xampp\\htdocs\\FAMISALUD\\app\\Views\\admin\\dashboard.php', 26)
 2 SYSTEMPATH\View\View.php(213): include('C:\\xampp\\htdocs\\FAMISALUD\\app\\Views\\admin\\dashboard.php')
 3 SYSTEMPATH\View\View.php(216): CodeIgniter\View\View->CodeIgniter\View\{closure}()
 4 SYSTEMPATH\Common.php(1184): CodeIgniter\View\View->render('admin/dashboard', [], true)
 5 APPPATH\Controllers\Admin.php(12): view('admin/dashboard')
 6 SYSTEMPATH\CodeIgniter.php(934): App\Controllers\Admin->dashboard()
 7 SYSTEMPATH\CodeIgniter.php(499): CodeIgniter\CodeIgniter->runController(Object(App\Controllers\Admin))
 8 SYSTEMPATH\CodeIgniter.php(368): CodeIgniter\CodeIgniter->handleRequest(null, Object(Config\Cache), false)
 9 FCPATH\index.php(67): CodeIgniter\CodeIgniter->run()
CRITICAL - 2023-05-17 04:23:11 --> Undefined variable $cants
in APPPATH\Views\admin\dashboard.php on line 26.
 1 APPPATH\Views\admin\dashboard.php(26): CodeIgniter\Debug\Exceptions->errorHandler(2, 'Undefined variable $cants', 'C:\\xampp\\htdocs\\FAMISALUD\\app\\Views\\admin\\dashboard.php', 26)
 2 SYSTEMPATH\View\View.php(213): include('C:\\xampp\\htdocs\\FAMISALUD\\app\\Views\\admin\\dashboard.php')
 3 SYSTEMPATH\View\View.php(216): CodeIgniter\View\View->CodeIgniter\View\{closure}()
 4 SYSTEMPATH\Common.php(1184): CodeIgniter\View\View->render('admin/dashboard', [], true)
 5 APPPATH\Controllers\Admin.php(12): view('admin/dashboard')
 6 SYSTEMPATH\CodeIgniter.php(934): App\Controllers\Admin->dashboard()
 7 SYSTEMPATH\CodeIgniter.php(499): CodeIgniter\CodeIgniter->runController(Object(App\Controllers\Admin))
 8 SYSTEMPATH\CodeIgniter.php(368): CodeIgniter\CodeIgniter->handleRequest(null, Object(Config\Cache), false)
 9 FCPATH\index.php(67): CodeIgniter\CodeIgniter->run()
CRITICAL - 2023-05-17 04:23:26 --> Undefined variable $cants
in APPPATH\Views\admin\dashboard.php on line 26.
 1 APPPATH\Views\admin\dashboard.php(26): CodeIgniter\Debug\Exceptions->errorHandler(2, 'Undefined variable $cants', 'C:\\xampp\\htdocs\\FAMISALUD\\app\\Views\\admin\\dashboard.php', 26)
 2 SYSTEMPATH\View\View.php(213): include('C:\\xampp\\htdocs\\FAMISALUD\\app\\Views\\admin\\dashboard.php')
 3 SYSTEMPATH\View\View.php(216): CodeIgniter\View\View->CodeIgniter\View\{closure}()
 4 SYSTEMPATH\Common.php(1184): CodeIgniter\View\View->render('admin/dashboard', [], true)
 5 APPPATH\Controllers\Admin.php(12): view('admin/dashboard')
 6 SYSTEMPATH\CodeIgniter.php(934): App\Controllers\Admin->dashboard()
 7 SYSTEMPATH\CodeIgniter.php(499): CodeIgniter\CodeIgniter->runController(Object(App\Controllers\Admin))
 8 SYSTEMPATH\CodeIgniter.php(368): CodeIgniter\CodeIgniter->handleRequest(null, Object(Config\Cache), false)
 9 FCPATH\index.php(67): CodeIgniter\CodeIgniter->run()
CRITICAL - 2023-05-17 04:23:27 --> Class "App\Controllers\Cita" not found
in APPPATH\Controllers\Admin.php on line 21.
 1 SYSTEMPATH\CodeIgniter.php(934): App\Controllers\Admin->cita()
 2 SYSTEMPATH\CodeIgniter.php(499): CodeIgniter\CodeIgniter->runController(Object(App\Controllers\Admin))
 3 SYSTEMPATH\CodeIgniter.php(368): CodeIgniter\CodeIgniter->handleRequest(null, Object(Config\Cache), false)
 4 FCPATH\index.php(67): CodeIgniter\CodeIgniter->run()
CRITICAL - 2023-05-17 04:23:46 --> Undefined property: CodeIgniter\View\View::$session
in APPPATH\Views\admin\layout\js\dashboard.php on line 5.
 1 APPPATH\Views\admin\layout\js\dashboard.php(5): CodeIgniter\Debug\Exceptions->errorHandler(2, 'Undefined property: CodeIgniter\\View\\View::$session', 'C:\\xampp\\htdocs\\FAMISALUD\\app\\Views\\admin\\layout\\js\\dashboard.php', 5)
 2 SYSTEMPATH\View\View.php(213): include('C:\\xampp\\htdocs\\FAMISALUD\\app\\Views\\admin\\layout\\js\\dashboard.php')
 3 SYSTEMPATH\View\View.php(216): CodeIgniter\View\View->CodeIgniter\View\{closure}()
 4 SYSTEMPATH\Common.php(1184): CodeIgniter\View\View->render('admin/layout/js/dashboard', [], true)
 5 APPPATH\Controllers\Admin.php(27): view('admin/layout/js/dashboard')
 6 SYSTEMPATH\CodeIgniter.php(934): App\Controllers\Admin->cita()
 7 SYSTEMPATH\CodeIgniter.php(499): CodeIgniter\CodeIgniter->runController(Object(App\Controllers\Admin))
 8 SYSTEMPATH\CodeIgniter.php(368): CodeIgniter\CodeIgniter->handleRequest(null, Object(Config\Cache), false)
 9 FCPATH\index.php(67): CodeIgniter\CodeIgniter->run()
CRITICAL - 2023-05-17 04:26:24 --> Undefined property: CodeIgniter\View\View::$session
in APPPATH\Views\admin\layout\js\dashboard.php on line 5.
 1 APPPATH\Views\admin\layout\js\dashboard.php(5): CodeIgniter\Debug\Exceptions->errorHandler(2, 'Undefined property: CodeIgniter\\View\\View::$session', 'C:\\xampp\\htdocs\\FAMISALUD\\app\\Views\\admin\\layout\\js\\dashboard.php', 5)
 2 SYSTEMPATH\View\View.php(213): include('C:\\xampp\\htdocs\\FAMISALUD\\app\\Views\\admin\\layout\\js\\dashboard.php')
 3 SYSTEMPATH\View\View.php(216): CodeIgniter\View\View->CodeIgniter\View\{closure}()
 4 SYSTEMPATH\Common.php(1184): CodeIgniter\View\View->render('admin/layout/js/dashboard', [], true)
 5 APPPATH\Controllers\Admin.php(35): view('admin/layout/js/dashboard')
 6 SYSTEMPATH\CodeIgniter.php(934): App\Controllers\Admin->cita()
 7 SYSTEMPATH\CodeIgniter.php(499): CodeIgniter\CodeIgniter->runController(Object(App\Controllers\Admin))
 8 SYSTEMPATH\CodeIgniter.php(368): CodeIgniter\CodeIgniter->handleRequest(null, Object(Config\Cache), false)
 9 FCPATH\index.php(67): CodeIgniter\CodeIgniter->run()
CRITICAL - 2023-05-17 04:26:28 --> Undefined variable $cants
in APPPATH\Views\admin\dashboard.php on line 26.
 1 APPPATH\Views\admin\dashboard.php(26): CodeIgniter\Debug\Exceptions->errorHandler(2, 'Undefined variable $cants', 'C:\\xampp\\htdocs\\FAMISALUD\\app\\Views\\admin\\dashboard.php', 26)
 2 SYSTEMPATH\View\View.php(213): include('C:\\xampp\\htdocs\\FAMISALUD\\app\\Views\\admin\\dashboard.php')
 3 SYSTEMPATH\View\View.php(216): CodeIgniter\View\View->CodeIgniter\View\{closure}()
 4 SYSTEMPATH\Common.php(1184): CodeIgniter\View\View->render('admin/dashboard', [], true)
 5 APPPATH\Controllers\Admin.php(19): view('admin/dashboard')
 6 SYSTEMPATH\CodeIgniter.php(934): App\Controllers\Admin->dashboard()
 7 SYSTEMPATH\CodeIgniter.php(499): CodeIgniter\CodeIgniter->runController(Object(App\Controllers\Admin))
 8 SYSTEMPATH\CodeIgniter.php(368): CodeIgniter\CodeIgniter->handleRequest(null, Object(Config\Cache), false)
 9 FCPATH\index.php(67): CodeIgniter\CodeIgniter->run()
CRITICAL - 2023-05-17 04:26:30 --> Undefined property: CodeIgniter\View\View::$session
in APPPATH\Views\admin\layout\js\dashboard.php on line 5.
 1 APPPATH\Views\admin\layout\js\dashboard.php(5): CodeIgniter\Debug\Exceptions->errorHandler(2, 'Undefined property: CodeIgniter\\View\\View::$session', 'C:\\xampp\\htdocs\\FAMISALUD\\app\\Views\\admin\\layout\\js\\dashboard.php', 5)
 2 SYSTEMPATH\View\View.php(213): include('C:\\xampp\\htdocs\\FAMISALUD\\app\\Views\\admin\\layout\\js\\dashboard.php')
 3 SYSTEMPATH\View\View.php(216): CodeIgniter\View\View->CodeIgniter\View\{closure}()
 4 SYSTEMPATH\Common.php(1184): CodeIgniter\View\View->render('admin/layout/js/dashboard', [], true)
 5 APPPATH\Controllers\Admin.php(35): view('admin/layout/js/dashboard')
 6 SYSTEMPATH\CodeIgniter.php(934): App\Controllers\Admin->cita()
 7 SYSTEMPATH\CodeIgniter.php(499): CodeIgniter\CodeIgniter->runController(Object(App\Controllers\Admin))
 8 SYSTEMPATH\CodeIgniter.php(368): CodeIgniter\CodeIgniter->handleRequest(null, Object(Config\Cache), false)
 9 FCPATH\index.php(67): CodeIgniter\CodeIgniter->run()
CRITICAL - 2023-05-17 04:26:42 --> Class "App\Controllers\Cita" not found
in APPPATH\Controllers\Admin.php on line 28.
 1 SYSTEMPATH\CodeIgniter.php(934): App\Controllers\Admin->cita()
 2 SYSTEMPATH\CodeIgniter.php(499): CodeIgniter\CodeIgniter->runController(Object(App\Controllers\Admin))
 3 SYSTEMPATH\CodeIgniter.php(368): CodeIgniter\CodeIgniter->handleRequest(null, Object(Config\Cache), false)
 4 FCPATH\index.php(67): CodeIgniter\CodeIgniter->run()
CRITICAL - 2023-05-17 04:27:00 --> Undefined property: CodeIgniter\View\View::$session
in APPPATH\Views\admin\layout\js\dashboard.php on line 5.
 1 APPPATH\Views\admin\layout\js\dashboard.php(5): CodeIgniter\Debug\Exceptions->errorHandler(2, 'Undefined property: CodeIgniter\\View\\View::$session', 'C:\\xampp\\htdocs\\FAMISALUD\\app\\Views\\admin\\layout\\js\\dashboard.php', 5)
 2 SYSTEMPATH\View\View.php(213): include('C:\\xampp\\htdocs\\FAMISALUD\\app\\Views\\admin\\layout\\js\\dashboard.php')
 3 SYSTEMPATH\View\View.php(216): CodeIgniter\View\View->CodeIgniter\View\{closure}()
 4 SYSTEMPATH\Common.php(1184): CodeIgniter\View\View->render('admin/layout/js/dashboard', [], true)
 5 APPPATH\Controllers\Admin.php(35): view('admin/layout/js/dashboard')
 6 SYSTEMPATH\CodeIgniter.php(934): App\Controllers\Admin->cita()
 7 SYSTEMPATH\CodeIgniter.php(499): CodeIgniter\CodeIgniter->runController(Object(App\Controllers\Admin))
 8 SYSTEMPATH\CodeIgniter.php(368): CodeIgniter\CodeIgniter->handleRequest(null, Object(Config\Cache), false)
 9 FCPATH\index.php(67): CodeIgniter\CodeIgniter->run()
CRITICAL - 2023-05-17 04:27:02 --> Undefined property: CodeIgniter\View\View::$session
in APPPATH\Views\admin\layout\js\dashboard.php on line 5.
 1 APPPATH\Views\admin\layout\js\dashboard.php(5): CodeIgniter\Debug\Exceptions->errorHandler(2, 'Undefined property: CodeIgniter\\View\\View::$session', 'C:\\xampp\\htdocs\\FAMISALUD\\app\\Views\\admin\\layout\\js\\dashboard.php', 5)
 2 SYSTEMPATH\View\View.php(213): include('C:\\xampp\\htdocs\\FAMISALUD\\app\\Views\\admin\\layout\\js\\dashboard.php')
 3 SYSTEMPATH\View\View.php(216): CodeIgniter\View\View->CodeIgniter\View\{closure}()
 4 SYSTEMPATH\Common.php(1184): CodeIgniter\View\View->render('admin/layout/js/dashboard', [], true)
 5 APPPATH\Controllers\Admin.php(35): view('admin/layout/js/dashboard')
 6 SYSTEMPATH\CodeIgniter.php(934): App\Controllers\Admin->cita()
 7 SYSTEMPATH\CodeIgniter.php(499): CodeIgniter\CodeIgniter->runController(Object(App\Controllers\Admin))
 8 SYSTEMPATH\CodeIgniter.php(368): CodeIgniter\CodeIgniter->handleRequest(null, Object(Config\Cache), false)
 9 FCPATH\index.php(67): CodeIgniter\CodeIgniter->run()
ERROR - 2023-05-17 04:27:23 --> Error connecting to the database: mysqli_sql_exception: Access denied for user 'root'@'localhost' (using password: YES) in C:\xampp\htdocs\FAMISALUD\system\Database\MySQLi\Connection.php:173
Stack trace:
#0 C:\xampp\htdocs\FAMISALUD\system\Database\MySQLi\Connection.php(173): mysqli->real_connect('localhost', 'root', Object(SensitiveParameterValue), 'FAMISALUD', 3306, '', 0)
#1 C:\xampp\htdocs\FAMISALUD\system\Database\BaseConnection.php(391): CodeIgniter\Database\MySQLi\Connection->connect(false)
#2 C:\xampp\htdocs\FAMISALUD\system\Database\BaseConnection.php(574): CodeIgniter\Database\BaseConnection->initialize()
#3 C:\xampp\htdocs\FAMISALUD\system\Database\BaseBuilder.php(1616): CodeIgniter\Database\BaseConnection->query('SELECT *\nFROM `...', Array, false)
#4 C:\xampp\htdocs\FAMISALUD\system\Model.php(241): CodeIgniter\Database\BaseBuilder->get()
#5 C:\xampp\htdocs\FAMISALUD\system\BaseModel.php(618): CodeIgniter\Model->doFindAll(0, 0)
#6 C:\xampp\htdocs\FAMISALUD\app\Controllers\Admin.php(29): CodeIgniter\BaseModel->findAll()
#7 C:\xampp\htdocs\FAMISALUD\system\CodeIgniter.php(934): App\Controllers\Admin->cita()
#8 C:\xampp\htdocs\FAMISALUD\system\CodeIgniter.php(499): CodeIgniter\CodeIgniter->runController(Object(App\Controllers\Admin))
#9 C:\xampp\htdocs\FAMISALUD\system\CodeIgniter.php(368): CodeIgniter\CodeIgniter->handleRequest(NULL, Object(Config\Cache), false)
#10 C:\xampp\htdocs\FAMISALUD\index.php(67): CodeIgniter\CodeIgniter->run()
#11 {main}

Next CodeIgniter\Database\Exceptions\DatabaseException: Access denied for user '****'@'localhost' (using password: YES) in C:\xampp\htdocs\FAMISALUD\system\Database\MySQLi\Connection.php:218
Stack trace:
#0 C:\xampp\htdocs\FAMISALUD\system\Database\BaseConnection.php(391): CodeIgniter\Database\MySQLi\Connection->connect(false)
#1 C:\xampp\htdocs\FAMISALUD\system\Database\BaseConnection.php(574): CodeIgniter\Database\BaseConnection->initialize()
#2 C:\xampp\htdocs\FAMISALUD\system\Database\BaseBuilder.php(1616): CodeIgniter\Database\BaseConnection->query('SELECT *\nFROM `...', Array, false)
#3 C:\xampp\htdocs\FAMISALUD\system\Model.php(241): CodeIgniter\Database\BaseBuilder->get()
#4 C:\xampp\htdocs\FAMISALUD\system\BaseModel.php(618): CodeIgniter\Model->doFindAll(0, 0)
#5 C:\xampp\htdocs\FAMISALUD\app\Controllers\Admin.php(29): CodeIgniter\BaseModel->findAll()
#6 C:\xampp\htdocs\FAMISALUD\system\CodeIgniter.php(934): App\Controllers\Admin->cita()
#7 C:\xampp\htdocs\FAMISALUD\system\CodeIgniter.php(499): CodeIgniter\CodeIgniter->runController(Object(App\Controllers\Admin))
#8 C:\xampp\htdocs\FAMISALUD\system\CodeIgniter.php(368): CodeIgniter\CodeIgniter->handleRequest(NULL, Object(Config\Cache), false)
#9 C:\xampp\htdocs\FAMISALUD\index.php(67): CodeIgniter\CodeIgniter->run()
#10 {main}
CRITICAL - 2023-05-17 04:27:23 --> Unable to connect to the database.
Main connection [MySQLi]: Access denied for user '****'@'localhost' (using password: YES)
in SYSTEMPATH\Database\BaseConnection.php on line 427.
 1 SYSTEMPATH\Database\BaseConnection.php(574): CodeIgniter\Database\BaseConnection->initialize()
 2 SYSTEMPATH\Database\BaseBuilder.php(1616): CodeIgniter\Database\BaseConnection->query('SELECT *
FROM `estadocita`', [], false)
 3 SYSTEMPATH\Model.php(241): CodeIgniter\Database\BaseBuilder->get()
 4 SYSTEMPATH\BaseModel.php(618): CodeIgniter\Model->doFindAll(0, 0)
 5 APPPATH\Controllers\Admin.php(29): CodeIgniter\BaseModel->findAll()
 6 SYSTEMPATH\CodeIgniter.php(934): App\Controllers\Admin->cita()
 7 SYSTEMPATH\CodeIgniter.php(499): CodeIgniter\CodeIgniter->runController(Object(App\Controllers\Admin))
 8 SYSTEMPATH\CodeIgniter.php(368): CodeIgniter\CodeIgniter->handleRequest(null, Object(Config\Cache), false)
 9 FCPATH\index.php(67): CodeIgniter\CodeIgniter->run()
CRITICAL - 2023-05-17 04:28:05 --> Undefined property: CodeIgniter\View\View::$session
in APPPATH\Views\admin\layout\js\dashboard.php on line 5.
 1 APPPATH\Views\admin\layout\js\dashboard.php(5): CodeIgniter\Debug\Exceptions->errorHandler(2, 'Undefined property: CodeIgniter\\View\\View::$session', 'C:\\xampp\\htdocs\\FAMISALUD\\app\\Views\\admin\\layout\\js\\dashboard.php', 5)
 2 SYSTEMPATH\View\View.php(213): include('C:\\xampp\\htdocs\\FAMISALUD\\app\\Views\\admin\\layout\\js\\dashboard.php')
 3 SYSTEMPATH\View\View.php(216): CodeIgniter\View\View->CodeIgniter\View\{closure}()
 4 SYSTEMPATH\Common.php(1184): CodeIgniter\View\View->render('admin/layout/js/dashboard', [], true)
 5 APPPATH\Controllers\Admin.php(35): view('admin/layout/js/dashboard')
 6 SYSTEMPATH\CodeIgniter.php(934): App\Controllers\Admin->cita()
 7 SYSTEMPATH\CodeIgniter.php(499): CodeIgniter\CodeIgniter->runController(Object(App\Controllers\Admin))
 8 SYSTEMPATH\CodeIgniter.php(368): CodeIgniter\CodeIgniter->handleRequest(null, Object(Config\Cache), false)
 9 FCPATH\index.php(67): CodeIgniter\CodeIgniter->run()
CRITICAL - 2023-05-17 04:28:25 --> Undefined variable $cita
in APPPATH\Views\admin\citas\cita.php on line 34.
 1 APPPATH\Views\admin\citas\cita.php(34): CodeIgniter\Debug\Exceptions->errorHandler(2, 'Undefined variable $cita', 'C:\\xampp\\htdocs\\FAMISALUD\\app\\Views\\admin\\citas\\cita.php', 34)
 2 SYSTEMPATH\View\View.php(213): include('C:\\xampp\\htdocs\\FAMISALUD\\app\\Views\\admin\\citas\\cita.php')
 3 SYSTEMPATH\View\View.php(216): CodeIgniter\View\View->CodeIgniter\View\{closure}()
 4 SYSTEMPATH\Common.php(1184): CodeIgniter\View\View->render('admin/citas/cita', [], true)
 5 APPPATH\Controllers\Admin.php(33): view('admin/citas/cita', [...])
 6 SYSTEMPATH\CodeIgniter.php(934): App\Controllers\Admin->cita()
 7 SYSTEMPATH\CodeIgniter.php(499): CodeIgniter\CodeIgniter->runController(Object(App\Controllers\Admin))
 8 SYSTEMPATH\CodeIgniter.php(368): CodeIgniter\CodeIgniter->handleRequest(null, Object(Config\Cache), false)
 9 FCPATH\index.php(67): CodeIgniter\CodeIgniter->run()
CRITICAL - 2023-05-17 04:28:28 --> Undefined variable $cita
in APPPATH\Views\admin\citas\cita.php on line 34.
 1 APPPATH\Views\admin\citas\cita.php(34): CodeIgniter\Debug\Exceptions->errorHandler(2, 'Undefined variable $cita', 'C:\\xampp\\htdocs\\FAMISALUD\\app\\Views\\admin\\citas\\cita.php', 34)
 2 SYSTEMPATH\View\View.php(213): include('C:\\xampp\\htdocs\\FAMISALUD\\app\\Views\\admin\\citas\\cita.php')
 3 SYSTEMPATH\View\View.php(216): CodeIgniter\View\View->CodeIgniter\View\{closure}()
 4 SYSTEMPATH\Common.php(1184): CodeIgniter\View\View->render('admin/citas/cita', [], true)
 5 APPPATH\Controllers\Admin.php(33): view('admin/citas/cita', [...])
 6 SYSTEMPATH\CodeIgniter.php(934): App\Controllers\Admin->cita()
 7 SYSTEMPATH\CodeIgniter.php(499): CodeIgniter\CodeIgniter->runController(Object(App\Controllers\Admin))
 8 SYSTEMPATH\CodeIgniter.php(368): CodeIgniter\CodeIgniter->handleRequest(null, Object(Config\Cache), false)
 9 FCPATH\index.php(67): CodeIgniter\CodeIgniter->run()
CRITICAL - 2023-05-17 04:28:29 --> Undefined variable $cita
in APPPATH\Views\admin\citas\cita.php on line 34.
 1 APPPATH\Views\admin\citas\cita.php(34): CodeIgniter\Debug\Exceptions->errorHandler(2, 'Undefined variable $cita', 'C:\\xampp\\htdocs\\FAMISALUD\\app\\Views\\admin\\citas\\cita.php', 34)
 2 SYSTEMPATH\View\View.php(213): include('C:\\xampp\\htdocs\\FAMISALUD\\app\\Views\\admin\\citas\\cita.php')
 3 SYSTEMPATH\View\View.php(216): CodeIgniter\View\View->CodeIgniter\View\{closure}()
 4 SYSTEMPATH\Common.php(1184): CodeIgniter\View\View->render('admin/citas/cita', [], true)
 5 APPPATH\Controllers\Admin.php(33): view('admin/citas/cita', [...])
 6 SYSTEMPATH\CodeIgniter.php(934): App\Controllers\Admin->cita()
 7 SYSTEMPATH\CodeIgniter.php(499): CodeIgniter\CodeIgniter->runController(Object(App\Controllers\Admin))
 8 SYSTEMPATH\CodeIgniter.php(368): CodeIgniter\CodeIgniter->handleRequest(null, Object(Config\Cache), false)
 9 FCPATH\index.php(67): CodeIgniter\CodeIgniter->run()
CRITICAL - 2023-05-17 04:29:23 --> Undefined variable $cita
in APPPATH\Views\admin\citas\cita.php on line 34.
 1 APPPATH\Views\admin\citas\cita.php(34): CodeIgniter\Debug\Exceptions->errorHandler(2, 'Undefined variable $cita', 'C:\\xampp\\htdocs\\FAMISALUD\\app\\Views\\admin\\citas\\cita.php', 34)
 2 SYSTEMPATH\View\View.php(213): include('C:\\xampp\\htdocs\\FAMISALUD\\app\\Views\\admin\\citas\\cita.php')
 3 SYSTEMPATH\View\View.php(216): CodeIgniter\View\View->CodeIgniter\View\{closure}()
 4 SYSTEMPATH\Common.php(1184): CodeIgniter\View\View->render('admin/citas/cita', [], true)
 5 APPPATH\Controllers\Admin.php(33): view('admin/citas/cita', [...])
 6 SYSTEMPATH\CodeIgniter.php(934): App\Controllers\Admin->cita()
 7 SYSTEMPATH\CodeIgniter.php(499): CodeIgniter\CodeIgniter->runController(Object(App\Controllers\Admin))
 8 SYSTEMPATH\CodeIgniter.php(368): CodeIgniter\CodeIgniter->handleRequest(null, Object(Config\Cache), false)
 9 FCPATH\index.php(67): CodeIgniter\CodeIgniter->run()
CRITICAL - 2023-05-17 04:33:09 --> Undefined variable $citas
in APPPATH\Views\admin\citas\cita.php on line 34.
 1 APPPATH\Views\admin\citas\cita.php(34): CodeIgniter\Debug\Exceptions->errorHandler(2, 'Undefined variable $citas', 'C:\\xampp\\htdocs\\FAMISALUD\\app\\Views\\admin\\citas\\cita.php', 34)
 2 SYSTEMPATH\View\View.php(213): include('C:\\xampp\\htdocs\\FAMISALUD\\app\\Views\\admin\\citas\\cita.php')
 3 SYSTEMPATH\View\View.php(216): CodeIgniter\View\View->CodeIgniter\View\{closure}()
 4 SYSTEMPATH\Common.php(1184): CodeIgniter\View\View->render('admin/citas/cita', [], true)
 5 APPPATH\Controllers\Admin.php(33): view('admin/citas/cita', [...])
 6 SYSTEMPATH\CodeIgniter.php(934): App\Controllers\Admin->cita()
 7 SYSTEMPATH\CodeIgniter.php(499): CodeIgniter\CodeIgniter->runController(Object(App\Controllers\Admin))
 8 SYSTEMPATH\CodeIgniter.php(368): CodeIgniter\CodeIgniter->handleRequest(null, Object(Config\Cache), false)
 9 FCPATH\index.php(67): CodeIgniter\CodeIgniter->run()
CRITICAL - 2023-05-17 04:33:10 --> Undefined variable $citas
in APPPATH\Views\admin\citas\cita.php on line 34.
 1 APPPATH\Views\admin\citas\cita.php(34): CodeIgniter\Debug\Exceptions->errorHandler(2, 'Undefined variable $citas', 'C:\\xampp\\htdocs\\FAMISALUD\\app\\Views\\admin\\citas\\cita.php', 34)
 2 SYSTEMPATH\View\View.php(213): include('C:\\xampp\\htdocs\\FAMISALUD\\app\\Views\\admin\\citas\\cita.php')
 3 SYSTEMPATH\View\View.php(216): CodeIgniter\View\View->CodeIgniter\View\{closure}()
 4 SYSTEMPATH\Common.php(1184): CodeIgniter\View\View->render('admin/citas/cita', [], true)
 5 APPPATH\Controllers\Admin.php(33): view('admin/citas/cita', [...])
 6 SYSTEMPATH\CodeIgniter.php(934): App\Controllers\Admin->cita()
 7 SYSTEMPATH\CodeIgniter.php(499): CodeIgniter\CodeIgniter->runController(Object(App\Controllers\Admin))
 8 SYSTEMPATH\CodeIgniter.php(368): CodeIgniter\CodeIgniter->handleRequest(null, Object(Config\Cache), false)
 9 FCPATH\index.php(67): CodeIgniter\CodeIgniter->run()
CRITICAL - 2023-05-17 04:33:12 --> Undefined variable $citas
in APPPATH\Views\admin\citas\cita.php on line 34.
 1 APPPATH\Views\admin\citas\cita.php(34): CodeIgniter\Debug\Exceptions->errorHandler(2, 'Undefined variable $citas', 'C:\\xampp\\htdocs\\FAMISALUD\\app\\Views\\admin\\citas\\cita.php', 34)
 2 SYSTEMPATH\View\View.php(213): include('C:\\xampp\\htdocs\\FAMISALUD\\app\\Views\\admin\\citas\\cita.php')
 3 SYSTEMPATH\View\View.php(216): CodeIgniter\View\View->CodeIgniter\View\{closure}()
 4 SYSTEMPATH\Common.php(1184): CodeIgniter\View\View->render('admin/citas/cita', [], true)
 5 APPPATH\Controllers\Admin.php(33): view('admin/citas/cita', [...])
 6 SYSTEMPATH\CodeIgniter.php(934): App\Controllers\Admin->cita()
 7 SYSTEMPATH\CodeIgniter.php(499): CodeIgniter\CodeIgniter->runController(Object(App\Controllers\Admin))
 8 SYSTEMPATH\CodeIgniter.php(368): CodeIgniter\CodeIgniter->handleRequest(null, Object(Config\Cache), false)
 9 FCPATH\index.php(67): CodeIgniter\CodeIgniter->run()
CRITICAL - 2023-05-17 04:33:13 --> Undefined variable $citas
in APPPATH\Views\admin\citas\cita.php on line 34.
 1 APPPATH\Views\admin\citas\cita.php(34): CodeIgniter\Debug\Exceptions->errorHandler(2, 'Undefined variable $citas', 'C:\\xampp\\htdocs\\FAMISALUD\\app\\Views\\admin\\citas\\cita.php', 34)
 2 SYSTEMPATH\View\View.php(213): include('C:\\xampp\\htdocs\\FAMISALUD\\app\\Views\\admin\\citas\\cita.php')
 3 SYSTEMPATH\View\View.php(216): CodeIgniter\View\View->CodeIgniter\View\{closure}()
 4 SYSTEMPATH\Common.php(1184): CodeIgniter\View\View->render('admin/citas/cita', [], true)
 5 APPPATH\Controllers\Admin.php(33): view('admin/citas/cita', [...])
 6 SYSTEMPATH\CodeIgniter.php(934): App\Controllers\Admin->cita()
 7 SYSTEMPATH\CodeIgniter.php(499): CodeIgniter\CodeIgniter->runController(Object(App\Controllers\Admin))
 8 SYSTEMPATH\CodeIgniter.php(368): CodeIgniter\CodeIgniter->handleRequest(null, Object(Config\Cache), false)
 9 FCPATH\index.php(67): CodeIgniter\CodeIgniter->run()
CRITICAL - 2023-05-17 04:33:13 --> Undefined variable $citas
in APPPATH\Views\admin\citas\cita.php on line 34.
 1 APPPATH\Views\admin\citas\cita.php(34): CodeIgniter\Debug\Exceptions->errorHandler(2, 'Undefined variable $citas', 'C:\\xampp\\htdocs\\FAMISALUD\\app\\Views\\admin\\citas\\cita.php', 34)
 2 SYSTEMPATH\View\View.php(213): include('C:\\xampp\\htdocs\\FAMISALUD\\app\\Views\\admin\\citas\\cita.php')
 3 SYSTEMPATH\View\View.php(216): CodeIgniter\View\View->CodeIgniter\View\{closure}()
 4 SYSTEMPATH\Common.php(1184): CodeIgniter\View\View->render('admin/citas/cita', [], true)
 5 APPPATH\Controllers\Admin.php(33): view('admin/citas/cita', [...])
 6 SYSTEMPATH\CodeIgniter.php(934): App\Controllers\Admin->cita()
 7 SYSTEMPATH\CodeIgniter.php(499): CodeIgniter\CodeIgniter->runController(Object(App\Controllers\Admin))
 8 SYSTEMPATH\CodeIgniter.php(368): CodeIgniter\CodeIgniter->handleRequest(null, Object(Config\Cache), false)
 9 FCPATH\index.php(67): CodeIgniter\CodeIgniter->run()
CRITICAL - 2023-05-17 04:33:13 --> Undefined variable $citas
in APPPATH\Views\admin\citas\cita.php on line 34.
 1 APPPATH\Views\admin\citas\cita.php(34): CodeIgniter\Debug\Exceptions->errorHandler(2, 'Undefined variable $citas', 'C:\\xampp\\htdocs\\FAMISALUD\\app\\Views\\admin\\citas\\cita.php', 34)
 2 SYSTEMPATH\View\View.php(213): include('C:\\xampp\\htdocs\\FAMISALUD\\app\\Views\\admin\\citas\\cita.php')
 3 SYSTEMPATH\View\View.php(216): CodeIgniter\View\View->CodeIgniter\View\{closure}()
 4 SYSTEMPATH\Common.php(1184): CodeIgniter\View\View->render('admin/citas/cita', [], true)
 5 APPPATH\Controllers\Admin.php(33): view('admin/citas/cita', [...])
 6 SYSTEMPATH\CodeIgniter.php(934): App\Controllers\Admin->cita()
 7 SYSTEMPATH\CodeIgniter.php(499): CodeIgniter\CodeIgniter->runController(Object(App\Controllers\Admin))
 8 SYSTEMPATH\CodeIgniter.php(368): CodeIgniter\CodeIgniter->handleRequest(null, Object(Config\Cache), false)
 9 FCPATH\index.php(67): CodeIgniter\CodeIgniter->run()
CRITICAL - 2023-05-17 04:33:14 --> Undefined variable $citas
in APPPATH\Views\admin\citas\cita.php on line 34.
 1 APPPATH\Views\admin\citas\cita.php(34): CodeIgniter\Debug\Exceptions->errorHandler(2, 'Undefined variable $citas', 'C:\\xampp\\htdocs\\FAMISALUD\\app\\Views\\admin\\citas\\cita.php', 34)
 2 SYSTEMPATH\View\View.php(213): include('C:\\xampp\\htdocs\\FAMISALUD\\app\\Views\\admin\\citas\\cita.php')
 3 SYSTEMPATH\View\View.php(216): CodeIgniter\View\View->CodeIgniter\View\{closure}()
 4 SYSTEMPATH\Common.php(1184): CodeIgniter\View\View->render('admin/citas/cita', [], true)
 5 APPPATH\Controllers\Admin.php(33): view('admin/citas/cita', [...])
 6 SYSTEMPATH\CodeIgniter.php(934): App\Controllers\Admin->cita()
 7 SYSTEMPATH\CodeIgniter.php(499): CodeIgniter\CodeIgniter->runController(Object(App\Controllers\Admin))
 8 SYSTEMPATH\CodeIgniter.php(368): CodeIgniter\CodeIgniter->handleRequest(null, Object(Config\Cache), false)
 9 FCPATH\index.php(67): CodeIgniter\CodeIgniter->run()
CRITICAL - 2023-05-17 04:33:38 --> Undefined variable $citas
in APPPATH\Views\admin\citas\cita.php on line 34.
 1 APPPATH\Views\admin\citas\cita.php(34): CodeIgniter\Debug\Exceptions->errorHandler(2, 'Undefined variable $citas', 'C:\\xampp\\htdocs\\FAMISALUD\\app\\Views\\admin\\citas\\cita.php', 34)
 2 SYSTEMPATH\View\View.php(213): include('C:\\xampp\\htdocs\\FAMISALUD\\app\\Views\\admin\\citas\\cita.php')
 3 SYSTEMPATH\View\View.php(216): CodeIgniter\View\View->CodeIgniter\View\{closure}()
 4 SYSTEMPATH\Common.php(1184): CodeIgniter\View\View->render('admin/citas/cita', [], true)
 5 APPPATH\Controllers\Admin.php(33): view('admin/citas/cita', [...])
 6 SYSTEMPATH\CodeIgniter.php(934): App\Controllers\Admin->cita()
 7 SYSTEMPATH\CodeIgniter.php(499): CodeIgniter\CodeIgniter->runController(Object(App\Controllers\Admin))
 8 SYSTEMPATH\CodeIgniter.php(368): CodeIgniter\CodeIgniter->handleRequest(null, Object(Config\Cache), false)
 9 FCPATH\index.php(67): CodeIgniter\CodeIgniter->run()
CRITICAL - 2023-05-17 04:37:57 --> Undefined property: CodeIgniter\View\View::$session
in APPPATH\Views\admin\layout\js\dashboard.php on line 5.
 1 APPPATH\Views\admin\layout\js\dashboard.php(5): CodeIgniter\Debug\Exceptions->errorHandler(2, 'Undefined property: CodeIgniter\\View\\View::$session', 'C:\\xampp\\htdocs\\FAMISALUD\\app\\Views\\admin\\layout\\js\\dashboard.php', 5)
 2 SYSTEMPATH\View\View.php(213): include('C:\\xampp\\htdocs\\FAMISALUD\\app\\Views\\admin\\layout\\js\\dashboard.php')
 3 SYSTEMPATH\View\View.php(216): CodeIgniter\View\View->CodeIgniter\View\{closure}()
 4 SYSTEMPATH\Common.php(1184): CodeIgniter\View\View->render('admin/layout/js/dashboard', [], true)
 5 APPPATH\Controllers\Admin.php(35): view('admin/layout/js/dashboard')
 6 SYSTEMPATH\CodeIgniter.php(934): App\Controllers\Admin->cita()
 7 SYSTEMPATH\CodeIgniter.php(499): CodeIgniter\CodeIgniter->runController(Object(App\Controllers\Admin))
 8 SYSTEMPATH\CodeIgniter.php(368): CodeIgniter\CodeIgniter->handleRequest(null, Object(Config\Cache), false)
 9 FCPATH\index.php(67): CodeIgniter\CodeIgniter->run()
CRITICAL - 2023-05-17 04:38:56 --> Undefined variable $cita
in APPPATH\Views\admin\citas\cita.php on line 37.
 1 APPPATH\Views\admin\citas\cita.php(37): CodeIgniter\Debug\Exceptions->errorHandler(2, 'Undefined variable $cita', 'C:\\xampp\\htdocs\\FAMISALUD\\app\\Views\\admin\\citas\\cita.php', 37)
 2 SYSTEMPATH\View\View.php(213): include('C:\\xampp\\htdocs\\FAMISALUD\\app\\Views\\admin\\citas\\cita.php')
 3 SYSTEMPATH\View\View.php(216): CodeIgniter\View\View->CodeIgniter\View\{closure}()
 4 SYSTEMPATH\Common.php(1184): CodeIgniter\View\View->render('admin/citas/cita', [], true)
 5 APPPATH\Controllers\Admin.php(33): view('admin/citas/cita', [...])
 6 SYSTEMPATH\CodeIgniter.php(934): App\Controllers\Admin->cita()
 7 SYSTEMPATH\CodeIgniter.php(499): CodeIgniter\CodeIgniter->runController(Object(App\Controllers\Admin))
 8 SYSTEMPATH\CodeIgniter.php(368): CodeIgniter\CodeIgniter->handleRequest(null, Object(Config\Cache), false)
 9 FCPATH\index.php(67): CodeIgniter\CodeIgniter->run()
CRITICAL - 2023-05-17 04:39:03 --> Undefined property: CodeIgniter\View\View::$session
in APPPATH\Views\admin\layout\js\dashboard.php on line 5.
 1 APPPATH\Views\admin\layout\js\dashboard.php(5): CodeIgniter\Debug\Exceptions->errorHandler(2, 'Undefined property: CodeIgniter\\View\\View::$session', 'C:\\xampp\\htdocs\\FAMISALUD\\app\\Views\\admin\\layout\\js\\dashboard.php', 5)
 2 SYSTEMPATH\View\View.php(213): include('C:\\xampp\\htdocs\\FAMISALUD\\app\\Views\\admin\\layout\\js\\dashboard.php')
 3 SYSTEMPATH\View\View.php(216): CodeIgniter\View\View->CodeIgniter\View\{closure}()
 4 SYSTEMPATH\Common.php(1184): CodeIgniter\View\View->render('admin/layout/js/dashboard', [], true)
 5 APPPATH\Controllers\Admin.php(35): view('admin/layout/js/dashboard')
 6 SYSTEMPATH\CodeIgniter.php(934): App\Controllers\Admin->cita()
 7 SYSTEMPATH\CodeIgniter.php(499): CodeIgniter\CodeIgniter->runController(Object(App\Controllers\Admin))
 8 SYSTEMPATH\CodeIgniter.php(368): CodeIgniter\CodeIgniter->handleRequest(null, Object(Config\Cache), false)
 9 FCPATH\index.php(67): CodeIgniter\CodeIgniter->run()
CRITICAL - 2023-05-17 04:41:25 --> Undefined property: CodeIgniter\View\View::$session
in APPPATH\Views\admin\layout\js\dashboard.php on line 5.
 1 APPPATH\Views\admin\layout\js\dashboard.php(5): CodeIgniter\Debug\Exceptions->errorHandler(2, 'Undefined property: CodeIgniter\\View\\View::$session', 'C:\\xampp\\htdocs\\FAMISALUD\\app\\Views\\admin\\layout\\js\\dashboard.php', 5)
 2 SYSTEMPATH\View\View.php(213): include('C:\\xampp\\htdocs\\FAMISALUD\\app\\Views\\admin\\layout\\js\\dashboard.php')
 3 SYSTEMPATH\View\View.php(216): CodeIgniter\View\View->CodeIgniter\View\{closure}()
 4 SYSTEMPATH\Common.php(1184): CodeIgniter\View\View->render('admin/layout/js/dashboard', [], true)
 5 APPPATH\Controllers\Admin.php(35): view('admin/layout/js/dashboard')
 6 SYSTEMPATH\CodeIgniter.php(934): App\Controllers\Admin->cita()
 7 SYSTEMPATH\CodeIgniter.php(499): CodeIgniter\CodeIgniter->runController(Object(App\Controllers\Admin))
 8 SYSTEMPATH\CodeIgniter.php(368): CodeIgniter\CodeIgniter->handleRequest(null, Object(Config\Cache), false)
 9 FCPATH\index.php(67): CodeIgniter\CodeIgniter->run()
CRITICAL - 2023-05-17 04:41:36 --> Undefined property: CodeIgniter\View\View::$session
in APPPATH\Views\admin\layout\js\dashboard.php on line 5.
 1 APPPATH\Views\admin\layout\js\dashboard.php(5): CodeIgniter\Debug\Exceptions->errorHandler(2, 'Undefined property: CodeIgniter\\View\\View::$session', 'C:\\xampp\\htdocs\\FAMISALUD\\app\\Views\\admin\\layout\\js\\dashboard.php', 5)
 2 SYSTEMPATH\View\View.php(213): include('C:\\xampp\\htdocs\\FAMISALUD\\app\\Views\\admin\\layout\\js\\dashboard.php')
 3 SYSTEMPATH\View\View.php(216): CodeIgniter\View\View->CodeIgniter\View\{closure}()
 4 SYSTEMPATH\Common.php(1184): CodeIgniter\View\View->render('admin/layout/js/dashboard', [], true)
 5 APPPATH\Controllers\Admin.php(35): view('admin/layout/js/dashboard')
 6 SYSTEMPATH\CodeIgniter.php(934): App\Controllers\Admin->cita()
 7 SYSTEMPATH\CodeIgniter.php(499): CodeIgniter\CodeIgniter->runController(Object(App\Controllers\Admin))
 8 SYSTEMPATH\CodeIgniter.php(368): CodeIgniter\CodeIgniter->handleRequest(null, Object(Config\Cache), false)
 9 FCPATH\index.php(67): CodeIgniter\CodeIgniter->run()
CRITICAL - 2023-05-17 04:42:14 --> Undefined property: CodeIgniter\View\View::$session
in APPPATH\Views\admin\layout\js\dashboard.php on line 5.
 1 APPPATH\Views\admin\layout\js\dashboard.php(5): CodeIgniter\Debug\Exceptions->errorHandler(2, 'Undefined property: CodeIgniter\\View\\View::$session', 'C:\\xampp\\htdocs\\FAMISALUD\\app\\Views\\admin\\layout\\js\\dashboard.php', 5)
 2 SYSTEMPATH\View\View.php(213): include('C:\\xampp\\htdocs\\FAMISALUD\\app\\Views\\admin\\layout\\js\\dashboard.php')
 3 SYSTEMPATH\View\View.php(216): CodeIgniter\View\View->CodeIgniter\View\{closure}()
 4 SYSTEMPATH\Common.php(1184): CodeIgniter\View\View->render('admin/layout/js/dashboard', [], true)
 5 APPPATH\Controllers\Admin.php(35): view('admin/layout/js/dashboard')
 6 SYSTEMPATH\CodeIgniter.php(934): App\Controllers\Admin->cita()
 7 SYSTEMPATH\CodeIgniter.php(499): CodeIgniter\CodeIgniter->runController(Object(App\Controllers\Admin))
 8 SYSTEMPATH\CodeIgniter.php(368): CodeIgniter\CodeIgniter->handleRequest(null, Object(Config\Cache), false)
 9 FCPATH\index.php(67): CodeIgniter\CodeIgniter->run()
CRITICAL - 2023-05-17 05:18:51 --> Undefined variable $data
in APPPATH\Controllers\Admin.php on line 55.
 1 APPPATH\Controllers\Admin.php(55): CodeIgniter\Debug\Exceptions->errorHandler(2, 'Undefined variable $data', 'C:\\xampp\\htdocs\\FAMISALUD\\app\\Controllers\\Admin.php', 55)
 2 SYSTEMPATH\CodeIgniter.php(934): App\Controllers\Admin->crear_estado_cita()
 3 SYSTEMPATH\CodeIgniter.php(499): CodeIgniter\CodeIgniter->runController(Object(App\Controllers\Admin))
 4 SYSTEMPATH\CodeIgniter.php(368): CodeIgniter\CodeIgniter->handleRequest(null, Object(Config\Cache), false)
 5 FCPATH\index.php(67): CodeIgniter\CodeIgniter->run()
CRITICAL - 2023-05-17 05:40:19 --> Invalid file: "admin/categoria/head.php"
in SYSTEMPATH\Exceptions\FrameworkException.php on line 33.
 1 SYSTEMPATH\View\View.php(201): CodeIgniter\Exceptions\FrameworkException::forInvalidFile('admin/categoria/head.php')
 2 SYSTEMPATH\Common.php(1184): CodeIgniter\View\View->render('admin/categoria/head', [], true)
 3 APPPATH\Controllers\Admin.php(86): view('admin/categoria/head')
 4 SYSTEMPATH\CodeIgniter.php(934): App\Controllers\Admin->editar_estadocita('1')
 5 SYSTEMPATH\CodeIgniter.php(499): CodeIgniter\CodeIgniter->runController(Object(App\Controllers\Admin))
 6 SYSTEMPATH\CodeIgniter.php(368): CodeIgniter\CodeIgniter->handleRequest(null, Object(Config\Cache), false)
 7 FCPATH\index.php(67): CodeIgniter\CodeIgniter->run()
CRITICAL - 2023-05-17 05:41:44 --> Invalid file: "admin/categoria/head.php"
in SYSTEMPATH\Exceptions\FrameworkException.php on line 33.
 1 SYSTEMPATH\View\View.php(201): CodeIgniter\Exceptions\FrameworkException::forInvalidFile('admin/categoria/head.php')
 2 SYSTEMPATH\Common.php(1184): CodeIgniter\View\View->render('admin/categoria/head', [], true)
 3 APPPATH\Controllers\Admin.php(86): view('admin/categoria/head')
 4 SYSTEMPATH\CodeIgniter.php(934): App\Controllers\Admin->editar_estadocita('1')
 5 SYSTEMPATH\CodeIgniter.php(499): CodeIgniter\CodeIgniter->runController(Object(App\Controllers\Admin))
 6 SYSTEMPATH\CodeIgniter.php(368): CodeIgniter\CodeIgniter->handleRequest(null, Object(Config\Cache), false)
 7 FCPATH\index.php(67): CodeIgniter\CodeIgniter->run()
CRITICAL - 2023-05-17 05:41:46 --> Invalid file: "admin/categoria/head.php"
in SYSTEMPATH\Exceptions\FrameworkException.php on line 33.
 1 SYSTEMPATH\View\View.php(201): CodeIgniter\Exceptions\FrameworkException::forInvalidFile('admin/categoria/head.php')
 2 SYSTEMPATH\Common.php(1184): CodeIgniter\View\View->render('admin/categoria/head', [], true)
 3 APPPATH\Controllers\Admin.php(86): view('admin/categoria/head')
 4 SYSTEMPATH\CodeIgniter.php(934): App\Controllers\Admin->editar_estadocita('1')
 5 SYSTEMPATH\CodeIgniter.php(499): CodeIgniter\CodeIgniter->runController(Object(App\Controllers\Admin))
 6 SYSTEMPATH\CodeIgniter.php(368): CodeIgniter\CodeIgniter->handleRequest(null, Object(Config\Cache), false)
 7 FCPATH\index.php(67): CodeIgniter\CodeIgniter->run()
CRITICAL - 2023-05-17 05:41:50 --> Invalid file: "admin/categoria/head.php"
in SYSTEMPATH\Exceptions\FrameworkException.php on line 33.
 1 SYSTEMPATH\View\View.php(201): CodeIgniter\Exceptions\FrameworkException::forInvalidFile('admin/categoria/head.php')
 2 SYSTEMPATH\Common.php(1184): CodeIgniter\View\View->render('admin/categoria/head', [], true)
 3 APPPATH\Controllers\Admin.php(86): view('admin/categoria/head')
 4 SYSTEMPATH\CodeIgniter.php(934): App\Controllers\Admin->editar_estadocita('3')
 5 SYSTEMPATH\CodeIgniter.php(499): CodeIgniter\CodeIgniter->runController(Object(App\Controllers\Admin))
 6 SYSTEMPATH\CodeIgniter.php(368): CodeIgniter\CodeIgniter->handleRequest(null, Object(Config\Cache), false)
 7 FCPATH\index.php(67): CodeIgniter\CodeIgniter->run()
CRITICAL - 2023-05-17 05:42:58 --> Invalid file: "admin/categoria/head.php"
in SYSTEMPATH\Exceptions\FrameworkException.php on line 33.
 1 SYSTEMPATH\View\View.php(201): CodeIgniter\Exceptions\FrameworkException::forInvalidFile('admin/categoria/head.php')
 2 SYSTEMPATH\Common.php(1184): CodeIgniter\View\View->render('admin/categoria/head', [], true)
 3 APPPATH\Controllers\Admin.php(86): view('admin/categoria/head')
 4 SYSTEMPATH\CodeIgniter.php(934): App\Controllers\Admin->editar_estadocita('3')
 5 SYSTEMPATH\CodeIgniter.php(499): CodeIgniter\CodeIgniter->runController(Object(App\Controllers\Admin))
 6 SYSTEMPATH\CodeIgniter.php(368): CodeIgniter\CodeIgniter->handleRequest(null, Object(Config\Cache), false)
 7 FCPATH\index.php(67): CodeIgniter\CodeIgniter->run()
CRITICAL - 2023-05-17 05:42:59 --> Invalid file: "admin/categoria/head.php"
in SYSTEMPATH\Exceptions\FrameworkException.php on line 33.
 1 SYSTEMPATH\View\View.php(201): CodeIgniter\Exceptions\FrameworkException::forInvalidFile('admin/categoria/head.php')
 2 SYSTEMPATH\Common.php(1184): CodeIgniter\View\View->render('admin/categoria/head', [], true)
 3 APPPATH\Controllers\Admin.php(86): view('admin/categoria/head')
 4 SYSTEMPATH\CodeIgniter.php(934): App\Controllers\Admin->editar_estadocita('3')
 5 SYSTEMPATH\CodeIgniter.php(499): CodeIgniter\CodeIgniter->runController(Object(App\Controllers\Admin))
 6 SYSTEMPATH\CodeIgniter.php(368): CodeIgniter\CodeIgniter->handleRequest(null, Object(Config\Cache), false)
 7 FCPATH\index.php(67): CodeIgniter\CodeIgniter->run()
CRITICAL - 2023-05-17 05:43:03 --> Invalid file: "admin/categoria/head.php"
in SYSTEMPATH\Exceptions\FrameworkException.php on line 33.
 1 SYSTEMPATH\View\View.php(201): CodeIgniter\Exceptions\FrameworkException::forInvalidFile('admin/categoria/head.php')
 2 SYSTEMPATH\Common.php(1184): CodeIgniter\View\View->render('admin/categoria/head', [], true)
 3 APPPATH\Controllers\Admin.php(86): view('admin/categoria/head')
 4 SYSTEMPATH\CodeIgniter.php(934): App\Controllers\Admin->editar_estadocita('3')
 5 SYSTEMPATH\CodeIgniter.php(499): CodeIgniter\CodeIgniter->runController(Object(App\Controllers\Admin))
 6 SYSTEMPATH\CodeIgniter.php(368): CodeIgniter\CodeIgniter->handleRequest(null, Object(Config\Cache), false)
 7 FCPATH\index.php(67): CodeIgniter\CodeIgniter->run()
CRITICAL - 2023-05-17 05:44:20 --> Invalid file: "admin/categoria/head.php"
in SYSTEMPATH\Exceptions\FrameworkException.php on line 33.
 1 SYSTEMPATH\View\View.php(201): CodeIgniter\Exceptions\FrameworkException::forInvalidFile('admin/categoria/head.php')
 2 SYSTEMPATH\Common.php(1184): CodeIgniter\View\View->render('admin/categoria/head', [], true)
 3 APPPATH\Controllers\Admin.php(86): view('admin/categoria/head')
 4 SYSTEMPATH\CodeIgniter.php(934): App\Controllers\Admin->editar_estadocita('3')
 5 SYSTEMPATH\CodeIgniter.php(499): CodeIgniter\CodeIgniter->runController(Object(App\Controllers\Admin))
 6 SYSTEMPATH\CodeIgniter.php(368): CodeIgniter\CodeIgniter->handleRequest(null, Object(Config\Cache), false)
 7 FCPATH\index.php(67): CodeIgniter\CodeIgniter->run()
CRITICAL - 2023-05-17 05:44:25 --> Invalid file: "admin/categoria/head.php"
in SYSTEMPATH\Exceptions\FrameworkException.php on line 33.
 1 SYSTEMPATH\View\View.php(201): CodeIgniter\Exceptions\FrameworkException::forInvalidFile('admin/categoria/head.php')
 2 SYSTEMPATH\Common.php(1184): CodeIgniter\View\View->render('admin/categoria/head', [], true)
 3 APPPATH\Controllers\Admin.php(86): view('admin/categoria/head')
 4 SYSTEMPATH\CodeIgniter.php(934): App\Controllers\Admin->editar_estadocita('1')
 5 SYSTEMPATH\CodeIgniter.php(499): CodeIgniter\CodeIgniter->runController(Object(App\Controllers\Admin))
 6 SYSTEMPATH\CodeIgniter.php(368): CodeIgniter\CodeIgniter->handleRequest(null, Object(Config\Cache), false)
 7 FCPATH\index.php(67): CodeIgniter\CodeIgniter->run()
CRITICAL - 2023-05-17 05:44:49 --> Invalid file: "admin/categoria/head.php"
in SYSTEMPATH\Exceptions\FrameworkException.php on line 33.
 1 SYSTEMPATH\View\View.php(201): CodeIgniter\Exceptions\FrameworkException::forInvalidFile('admin/categoria/head.php')
 2 SYSTEMPATH\Common.php(1184): CodeIgniter\View\View->render('admin/categoria/head', [], true)
 3 APPPATH\Controllers\Admin.php(86): view('admin/categoria/head')
 4 SYSTEMPATH\CodeIgniter.php(934): App\Controllers\Admin->editar_estadocita('1')
 5 SYSTEMPATH\CodeIgniter.php(499): CodeIgniter\CodeIgniter->runController(Object(App\Controllers\Admin))
 6 SYSTEMPATH\CodeIgniter.php(368): CodeIgniter\CodeIgniter->handleRequest(null, Object(Config\Cache), false)
 7 FCPATH\index.php(67): CodeIgniter\CodeIgniter->run()
CRITICAL - 2023-05-17 05:44:50 --> Invalid file: "admin/categoria/head.php"
in SYSTEMPATH\Exceptions\FrameworkException.php on line 33.
 1 SYSTEMPATH\View\View.php(201): CodeIgniter\Exceptions\FrameworkException::forInvalidFile('admin/categoria/head.php')
 2 SYSTEMPATH\Common.php(1184): CodeIgniter\View\View->render('admin/categoria/head', [], true)
 3 APPPATH\Controllers\Admin.php(86): view('admin/categoria/head')
 4 SYSTEMPATH\CodeIgniter.php(934): App\Controllers\Admin->editar_estadocita('1')
 5 SYSTEMPATH\CodeIgniter.php(499): CodeIgniter\CodeIgniter->runController(Object(App\Controllers\Admin))
 6 SYSTEMPATH\CodeIgniter.php(368): CodeIgniter\CodeIgniter->handleRequest(null, Object(Config\Cache), false)
 7 FCPATH\index.php(67): CodeIgniter\CodeIgniter->run()
CRITICAL - 2023-05-17 05:44:54 --> Invalid file: "admin/categoria/head.php"
in SYSTEMPATH\Exceptions\FrameworkException.php on line 33.
 1 SYSTEMPATH\View\View.php(201): CodeIgniter\Exceptions\FrameworkException::forInvalidFile('admin/categoria/head.php')
 2 SYSTEMPATH\Common.php(1184): CodeIgniter\View\View->render('admin/categoria/head', [], true)
 3 APPPATH\Controllers\Admin.php(86): view('admin/categoria/head')
 4 SYSTEMPATH\CodeIgniter.php(934): App\Controllers\Admin->editar_estadocita('1')
 5 SYSTEMPATH\CodeIgniter.php(499): CodeIgniter\CodeIgniter->runController(Object(App\Controllers\Admin))
 6 SYSTEMPATH\CodeIgniter.php(368): CodeIgniter\CodeIgniter->handleRequest(null, Object(Config\Cache), false)
 7 FCPATH\index.php(67): CodeIgniter\CodeIgniter->run()
CRITICAL - 2023-05-17 05:45:05 --> Invalid file: "admin/categoria/head.php"
in SYSTEMPATH\Exceptions\FrameworkException.php on line 33.
 1 SYSTEMPATH\View\View.php(201): CodeIgniter\Exceptions\FrameworkException::forInvalidFile('admin/categoria/head.php')
 2 SYSTEMPATH\Common.php(1184): CodeIgniter\View\View->render('admin/categoria/head', [], true)
 3 APPPATH\Controllers\Admin.php(85): view('admin/categoria/head')
 4 SYSTEMPATH\CodeIgniter.php(934): App\Controllers\Admin->editar_estadocita('1')
 5 SYSTEMPATH\CodeIgniter.php(499): CodeIgniter\CodeIgniter->runController(Object(App\Controllers\Admin))
 6 SYSTEMPATH\CodeIgniter.php(368): CodeIgniter\CodeIgniter->handleRequest(null, Object(Config\Cache), false)
 7 FCPATH\index.php(67): CodeIgniter\CodeIgniter->run()
CRITICAL - 2023-05-17 05:45:11 --> Invalid file: "admin/categoria/head.php"
in SYSTEMPATH\Exceptions\FrameworkException.php on line 33.
 1 SYSTEMPATH\View\View.php(201): CodeIgniter\Exceptions\FrameworkException::forInvalidFile('admin/categoria/head.php')
 2 SYSTEMPATH\Common.php(1184): CodeIgniter\View\View->render('admin/categoria/head', [], true)
 3 APPPATH\Controllers\Admin.php(85): view('admin/categoria/head')
 4 SYSTEMPATH\CodeIgniter.php(934): App\Controllers\Admin->editar_estadocita('1')
 5 SYSTEMPATH\CodeIgniter.php(499): CodeIgniter\CodeIgniter->runController(Object(App\Controllers\Admin))
 6 SYSTEMPATH\CodeIgniter.php(368): CodeIgniter\CodeIgniter->handleRequest(null, Object(Config\Cache), false)
 7 FCPATH\index.php(67): CodeIgniter\CodeIgniter->run()
CRITICAL - 2023-05-17 05:46:17 --> Invalid file: "admin/categoria/head.php"
in SYSTEMPATH\Exceptions\FrameworkException.php on line 33.
 1 SYSTEMPATH\View\View.php(201): CodeIgniter\Exceptions\FrameworkException::forInvalidFile('admin/categoria/head.php')
 2 SYSTEMPATH\Common.php(1184): CodeIgniter\View\View->render('admin/categoria/head', [], true)
 3 APPPATH\Controllers\Admin.php(86): view('admin/categoria/head')
 4 SYSTEMPATH\CodeIgniter.php(934): App\Controllers\Admin->editar_estadocita('1')
 5 SYSTEMPATH\CodeIgniter.php(499): CodeIgniter\CodeIgniter->runController(Object(App\Controllers\Admin))
 6 SYSTEMPATH\CodeIgniter.php(368): CodeIgniter\CodeIgniter->handleRequest(null, Object(Config\Cache), false)
 7 FCPATH\index.php(67): CodeIgniter\CodeIgniter->run()
CRITICAL - 2023-05-17 05:46:18 --> Invalid file: "admin/categoria/head.php"
in SYSTEMPATH\Exceptions\FrameworkException.php on line 33.
 1 SYSTEMPATH\View\View.php(201): CodeIgniter\Exceptions\FrameworkException::forInvalidFile('admin/categoria/head.php')
 2 SYSTEMPATH\Common.php(1184): CodeIgniter\View\View->render('admin/categoria/head', [], true)
 3 APPPATH\Controllers\Admin.php(86): view('admin/categoria/head')
 4 SYSTEMPATH\CodeIgniter.php(934): App\Controllers\Admin->editar_estadocita('1')
 5 SYSTEMPATH\CodeIgniter.php(499): CodeIgniter\CodeIgniter->runController(Object(App\Controllers\Admin))
 6 SYSTEMPATH\CodeIgniter.php(368): CodeIgniter\CodeIgniter->handleRequest(null, Object(Config\Cache), false)
 7 FCPATH\index.php(67): CodeIgniter\CodeIgniter->run()
CRITICAL - 2023-05-17 05:46:18 --> Invalid file: "admin/categoria/head.php"
in SYSTEMPATH\Exceptions\FrameworkException.php on line 33.
 1 SYSTEMPATH\View\View.php(201): CodeIgniter\Exceptions\FrameworkException::forInvalidFile('admin/categoria/head.php')
 2 SYSTEMPATH\Common.php(1184): CodeIgniter\View\View->render('admin/categoria/head', [], true)
 3 APPPATH\Controllers\Admin.php(86): view('admin/categoria/head')
 4 SYSTEMPATH\CodeIgniter.php(934): App\Controllers\Admin->editar_estadocita('1')
 5 SYSTEMPATH\CodeIgniter.php(499): CodeIgniter\CodeIgniter->runController(Object(App\Controllers\Admin))
 6 SYSTEMPATH\CodeIgniter.php(368): CodeIgniter\CodeIgniter->handleRequest(null, Object(Config\Cache), false)
 7 FCPATH\index.php(67): CodeIgniter\CodeIgniter->run()
CRITICAL - 2023-05-17 05:46:22 --> Invalid file: "admin/categoria/head.php"
in SYSTEMPATH\Exceptions\FrameworkException.php on line 33.
 1 SYSTEMPATH\View\View.php(201): CodeIgniter\Exceptions\FrameworkException::forInvalidFile('admin/categoria/head.php')
 2 SYSTEMPATH\Common.php(1184): CodeIgniter\View\View->render('admin/categoria/head', [], true)
 3 APPPATH\Controllers\Admin.php(86): view('admin/categoria/head')
 4 SYSTEMPATH\CodeIgniter.php(934): App\Controllers\Admin->editar_estadocita('1')
 5 SYSTEMPATH\CodeIgniter.php(499): CodeIgniter\CodeIgniter->runController(Object(App\Controllers\Admin))
 6 SYSTEMPATH\CodeIgniter.php(368): CodeIgniter\CodeIgniter->handleRequest(null, Object(Config\Cache), false)
 7 FCPATH\index.php(67): CodeIgniter\CodeIgniter->run()
CRITICAL - 2023-05-17 05:47:51 --> Undefined variable $citas
in APPPATH\Controllers\Admin.php on line 84.
 1 APPPATH\Controllers\Admin.php(84): CodeIgniter\Debug\Exceptions->errorHandler(2, 'Undefined variable $citas', 'C:\\xampp\\htdocs\\FAMISALUD\\app\\Controllers\\Admin.php', 84)
 2 SYSTEMPATH\CodeIgniter.php(934): App\Controllers\Admin->editar_estadocita('1')
 3 SYSTEMPATH\CodeIgniter.php(499): CodeIgniter\CodeIgniter->runController(Object(App\Controllers\Admin))
 4 SYSTEMPATH\CodeIgniter.php(368): CodeIgniter\CodeIgniter->handleRequest(null, Object(Config\Cache), false)
 5 FCPATH\index.php(67): CodeIgniter\CodeIgniter->run()
CRITICAL - 2023-05-17 05:47:52 --> Undefined variable $citas
in APPPATH\Controllers\Admin.php on line 84.
 1 APPPATH\Controllers\Admin.php(84): CodeIgniter\Debug\Exceptions->errorHandler(2, 'Undefined variable $citas', 'C:\\xampp\\htdocs\\FAMISALUD\\app\\Controllers\\Admin.php', 84)
 2 SYSTEMPATH\CodeIgniter.php(934): App\Controllers\Admin->editar_estadocita('1')
 3 SYSTEMPATH\CodeIgniter.php(499): CodeIgniter\CodeIgniter->runController(Object(App\Controllers\Admin))
 4 SYSTEMPATH\CodeIgniter.php(368): CodeIgniter\CodeIgniter->handleRequest(null, Object(Config\Cache), false)
 5 FCPATH\index.php(67): CodeIgniter\CodeIgniter->run()
CRITICAL - 2023-05-17 05:47:56 --> Undefined variable $citas
in APPPATH\Controllers\Admin.php on line 84.
 1 APPPATH\Controllers\Admin.php(84): CodeIgniter\Debug\Exceptions->errorHandler(2, 'Undefined variable $citas', 'C:\\xampp\\htdocs\\FAMISALUD\\app\\Controllers\\Admin.php', 84)
 2 SYSTEMPATH\CodeIgniter.php(934): App\Controllers\Admin->editar_estadocita('3')
 3 SYSTEMPATH\CodeIgniter.php(499): CodeIgniter\CodeIgniter->runController(Object(App\Controllers\Admin))
 4 SYSTEMPATH\CodeIgniter.php(368): CodeIgniter\CodeIgniter->handleRequest(null, Object(Config\Cache), false)
 5 FCPATH\index.php(67): CodeIgniter\CodeIgniter->run()
CRITICAL - 2023-05-17 05:47:58 --> Undefined variable $citas
in APPPATH\Controllers\Admin.php on line 84.
 1 APPPATH\Controllers\Admin.php(84): CodeIgniter\Debug\Exceptions->errorHandler(2, 'Undefined variable $citas', 'C:\\xampp\\htdocs\\FAMISALUD\\app\\Controllers\\Admin.php', 84)
 2 SYSTEMPATH\CodeIgniter.php(934): App\Controllers\Admin->editar_estadocita('3')
 3 SYSTEMPATH\CodeIgniter.php(499): CodeIgniter\CodeIgniter->runController(Object(App\Controllers\Admin))
 4 SYSTEMPATH\CodeIgniter.php(368): CodeIgniter\CodeIgniter->handleRequest(null, Object(Config\Cache), false)
 5 FCPATH\index.php(67): CodeIgniter\CodeIgniter->run()
CRITICAL - 2023-05-17 05:48:10 --> Invalid file: "admin/categoria/head.php"
in SYSTEMPATH\Exceptions\FrameworkException.php on line 33.
 1 SYSTEMPATH\View\View.php(201): CodeIgniter\Exceptions\FrameworkException::forInvalidFile('admin/categoria/head.php')
 2 SYSTEMPATH\Common.php(1184): CodeIgniter\View\View->render('admin/categoria/head', [], true)
 3 APPPATH\Controllers\Admin.php(86): view('admin/categoria/head')
 4 SYSTEMPATH\CodeIgniter.php(934): App\Controllers\Admin->editar_estadocita('3')
 5 SYSTEMPATH\CodeIgniter.php(499): CodeIgniter\CodeIgniter->runController(Object(App\Controllers\Admin))
 6 SYSTEMPATH\CodeIgniter.php(368): CodeIgniter\CodeIgniter->handleRequest(null, Object(Config\Cache), false)
 7 FCPATH\index.php(67): CodeIgniter\CodeIgniter->run()
CRITICAL - 2023-05-17 05:48:16 --> Invalid file: "admin/categoria/head.php"
in SYSTEMPATH\Exceptions\FrameworkException.php on line 33.
 1 SYSTEMPATH\View\View.php(201): CodeIgniter\Exceptions\FrameworkException::forInvalidFile('admin/categoria/head.php')
 2 SYSTEMPATH\Common.php(1184): CodeIgniter\View\View->render('admin/categoria/head', [], true)
 3 APPPATH\Controllers\Admin.php(86): view('admin/categoria/head')
 4 SYSTEMPATH\CodeIgniter.php(934): App\Controllers\Admin->editar_estadocita('1')
 5 SYSTEMPATH\CodeIgniter.php(499): CodeIgniter\CodeIgniter->runController(Object(App\Controllers\Admin))
 6 SYSTEMPATH\CodeIgniter.php(368): CodeIgniter\CodeIgniter->handleRequest(null, Object(Config\Cache), false)
 7 FCPATH\index.php(67): CodeIgniter\CodeIgniter->run()
CRITICAL - 2023-05-17 05:49:46 --> Invalid file: "admin/categoria/head.php"
in SYSTEMPATH\Exceptions\FrameworkException.php on line 33.
 1 SYSTEMPATH\View\View.php(201): CodeIgniter\Exceptions\FrameworkException::forInvalidFile('admin/categoria/head.php')
 2 SYSTEMPATH\Common.php(1184): CodeIgniter\View\View->render('admin/categoria/head', [], true)
 3 APPPATH\Controllers\Admin.php(86): view('admin/categoria/head')
 4 SYSTEMPATH\CodeIgniter.php(934): App\Controllers\Admin->editar_estadocita('1')
 5 SYSTEMPATH\CodeIgniter.php(499): CodeIgniter\CodeIgniter->runController(Object(App\Controllers\Admin))
 6 SYSTEMPATH\CodeIgniter.php(368): CodeIgniter\CodeIgniter->handleRequest(null, Object(Config\Cache), false)
 7 FCPATH\index.php(67): CodeIgniter\CodeIgniter->run()
CRITICAL - 2023-05-17 05:49:50 --> Invalid file: "admin/categoria/head.php"
in SYSTEMPATH\Exceptions\FrameworkException.php on line 33.
 1 SYSTEMPATH\View\View.php(201): CodeIgniter\Exceptions\FrameworkException::forInvalidFile('admin/categoria/head.php')
 2 SYSTEMPATH\Common.php(1184): CodeIgniter\View\View->render('admin/categoria/head', [], true)
 3 APPPATH\Controllers\Admin.php(86): view('admin/categoria/head')
 4 SYSTEMPATH\CodeIgniter.php(934): App\Controllers\Admin->editar_estadocita('1')
 5 SYSTEMPATH\CodeIgniter.php(499): CodeIgniter\CodeIgniter->runController(Object(App\Controllers\Admin))
 6 SYSTEMPATH\CodeIgniter.php(368): CodeIgniter\CodeIgniter->handleRequest(null, Object(Config\Cache), false)
 7 FCPATH\index.php(67): CodeIgniter\CodeIgniter->run()
CRITICAL - 2023-05-17 05:49:52 --> Invalid file: "admin/categoria/head.php"
in SYSTEMPATH\Exceptions\FrameworkException.php on line 33.
 1 SYSTEMPATH\View\View.php(201): CodeIgniter\Exceptions\FrameworkException::forInvalidFile('admin/categoria/head.php')
 2 SYSTEMPATH\Common.php(1184): CodeIgniter\View\View->render('admin/categoria/head', [], true)
 3 APPPATH\Controllers\Admin.php(86): view('admin/categoria/head')
 4 SYSTEMPATH\CodeIgniter.php(934): App\Controllers\Admin->editar_estadocita('1')
 5 SYSTEMPATH\CodeIgniter.php(499): CodeIgniter\CodeIgniter->runController(Object(App\Controllers\Admin))
 6 SYSTEMPATH\CodeIgniter.php(368): CodeIgniter\CodeIgniter->handleRequest(null, Object(Config\Cache), false)
 7 FCPATH\index.php(67): CodeIgniter\CodeIgniter->run()
CRITICAL - 2023-05-17 05:49:53 --> Invalid file: "admin/categoria/head.php"
in SYSTEMPATH\Exceptions\FrameworkException.php on line 33.
 1 SYSTEMPATH\View\View.php(201): CodeIgniter\Exceptions\FrameworkException::forInvalidFile('admin/categoria/head.php')
 2 SYSTEMPATH\Common.php(1184): CodeIgniter\View\View->render('admin/categoria/head', [], true)
 3 APPPATH\Controllers\Admin.php(86): view('admin/categoria/head')
 4 SYSTEMPATH\CodeIgniter.php(934): App\Controllers\Admin->editar_estadocita('1')
 5 SYSTEMPATH\CodeIgniter.php(499): CodeIgniter\CodeIgniter->runController(Object(App\Controllers\Admin))
 6 SYSTEMPATH\CodeIgniter.php(368): CodeIgniter\CodeIgniter->handleRequest(null, Object(Config\Cache), false)
 7 FCPATH\index.php(67): CodeIgniter\CodeIgniter->run()
CRITICAL - 2023-05-17 05:49:53 --> Invalid file: "admin/categoria/head.php"
in SYSTEMPATH\Exceptions\FrameworkException.php on line 33.
 1 SYSTEMPATH\View\View.php(201): CodeIgniter\Exceptions\FrameworkException::forInvalidFile('admin/categoria/head.php')
 2 SYSTEMPATH\Common.php(1184): CodeIgniter\View\View->render('admin/categoria/head', [], true)
 3 APPPATH\Controllers\Admin.php(86): view('admin/categoria/head')
 4 SYSTEMPATH\CodeIgniter.php(934): App\Controllers\Admin->editar_estadocita('1')
 5 SYSTEMPATH\CodeIgniter.php(499): CodeIgniter\CodeIgniter->runController(Object(App\Controllers\Admin))
 6 SYSTEMPATH\CodeIgniter.php(368): CodeIgniter\CodeIgniter->handleRequest(null, Object(Config\Cache), false)
 7 FCPATH\index.php(67): CodeIgniter\CodeIgniter->run()
CRITICAL - 2023-05-17 05:53:25 --> Invalid file: "admin/categoria/head.php"
in SYSTEMPATH\Exceptions\FrameworkException.php on line 33.
 1 SYSTEMPATH\View\View.php(201): CodeIgniter\Exceptions\FrameworkException::forInvalidFile('admin/categoria/head.php')
 2 SYSTEMPATH\Common.php(1184): CodeIgniter\View\View->render('admin/categoria/head', [], true)
 3 APPPATH\Controllers\Admin.php(86): view('admin/categoria/head')
 4 SYSTEMPATH\CodeIgniter.php(934): App\Controllers\Admin->editar_estadocita('1')
 5 SYSTEMPATH\CodeIgniter.php(499): CodeIgniter\CodeIgniter->runController(Object(App\Controllers\Admin))
 6 SYSTEMPATH\CodeIgniter.php(368): CodeIgniter\CodeIgniter->handleRequest(null, Object(Config\Cache), false)
 7 FCPATH\index.php(67): CodeIgniter\CodeIgniter->run()
CRITICAL - 2023-05-17 05:53:51 --> Invalid file: "admin/categoria/head.php"
in SYSTEMPATH\Exceptions\FrameworkException.php on line 33.
 1 SYSTEMPATH\View\View.php(201): CodeIgniter\Exceptions\FrameworkException::forInvalidFile('admin/categoria/head.php')
 2 SYSTEMPATH\Common.php(1184): CodeIgniter\View\View->render('admin/categoria/head', [], true)
 3 APPPATH\Controllers\Admin.php(86): view('admin/categoria/head')
 4 SYSTEMPATH\CodeIgniter.php(934): App\Controllers\Admin->editar_estadocita('1')
 5 SYSTEMPATH\CodeIgniter.php(499): CodeIgniter\CodeIgniter->runController(Object(App\Controllers\Admin))
 6 SYSTEMPATH\CodeIgniter.php(368): CodeIgniter\CodeIgniter->handleRequest(null, Object(Config\Cache), false)
 7 FCPATH\index.php(67): CodeIgniter\CodeIgniter->run()
CRITICAL - 2023-05-17 05:53:52 --> Invalid file: "admin/categoria/head.php"
in SYSTEMPATH\Exceptions\FrameworkException.php on line 33.
 1 SYSTEMPATH\View\View.php(201): CodeIgniter\Exceptions\FrameworkException::forInvalidFile('admin/categoria/head.php')
 2 SYSTEMPATH\Common.php(1184): CodeIgniter\View\View->render('admin/categoria/head', [], true)
 3 APPPATH\Controllers\Admin.php(86): view('admin/categoria/head')
 4 SYSTEMPATH\CodeIgniter.php(934): App\Controllers\Admin->editar_estadocita('1')
 5 SYSTEMPATH\CodeIgniter.php(499): CodeIgniter\CodeIgniter->runController(Object(App\Controllers\Admin))
 6 SYSTEMPATH\CodeIgniter.php(368): CodeIgniter\CodeIgniter->handleRequest(null, Object(Config\Cache), false)
 7 FCPATH\index.php(67): CodeIgniter\CodeIgniter->run()
CRITICAL - 2023-05-17 05:55:06 --> Undefined variable $citas
in APPPATH\Views\admin\citas\editarEstadocita.php on line 13.
 1 APPPATH\Views\admin\citas\editarEstadocita.php(13): CodeIgniter\Debug\Exceptions->errorHandler(2, 'Undefined variable $citas', 'C:\\xampp\\htdocs\\FAMISALUD\\app\\Views\\admin\\citas\\editarEstadocita.php', 13)
 2 SYSTEMPATH\View\View.php(213): include('C:\\xampp\\htdocs\\FAMISALUD\\app\\Views\\admin\\citas\\editarEstadocita.php')
 3 SYSTEMPATH\View\View.php(216): CodeIgniter\View\View->CodeIgniter\View\{closure}()
 4 SYSTEMPATH\Common.php(1184): CodeIgniter\View\View->render('admin/citas/editarEstadocita', [], true)
 5 APPPATH\Controllers\Admin.php(87): view('admin/citas/editarEstadocita', [...])
 6 SYSTEMPATH\CodeIgniter.php(934): App\Controllers\Admin->editar_estadocita('1')
 7 SYSTEMPATH\CodeIgniter.php(499): CodeIgniter\CodeIgniter->runController(Object(App\Controllers\Admin))
 8 SYSTEMPATH\CodeIgniter.php(368): CodeIgniter\CodeIgniter->handleRequest(null, Object(Config\Cache), false)
 9 FCPATH\index.php(67): CodeIgniter\CodeIgniter->run()
CRITICAL - 2023-05-17 05:55:07 --> Undefined variable $citas
in APPPATH\Views\admin\citas\editarEstadocita.php on line 13.
 1 APPPATH\Views\admin\citas\editarEstadocita.php(13): CodeIgniter\Debug\Exceptions->errorHandler(2, 'Undefined variable $citas', 'C:\\xampp\\htdocs\\FAMISALUD\\app\\Views\\admin\\citas\\editarEstadocita.php', 13)
 2 SYSTEMPATH\View\View.php(213): include('C:\\xampp\\htdocs\\FAMISALUD\\app\\Views\\admin\\citas\\editarEstadocita.php')
 3 SYSTEMPATH\View\View.php(216): CodeIgniter\View\View->CodeIgniter\View\{closure}()
 4 SYSTEMPATH\Common.php(1184): CodeIgniter\View\View->render('admin/citas/editarEstadocita', [], true)
 5 APPPATH\Controllers\Admin.php(87): view('admin/citas/editarEstadocita', [...])
 6 SYSTEMPATH\CodeIgniter.php(934): App\Controllers\Admin->editar_estadocita('1')
 7 SYSTEMPATH\CodeIgniter.php(499): CodeIgniter\CodeIgniter->runController(Object(App\Controllers\Admin))
 8 SYSTEMPATH\CodeIgniter.php(368): CodeIgniter\CodeIgniter->handleRequest(null, Object(Config\Cache), false)
 9 FCPATH\index.php(67): CodeIgniter\CodeIgniter->run()
CRITICAL - 2023-05-17 06:06:36 --> Undefined variable $categorias
in APPPATH\Controllers\Admin.php on line 106.
 1 APPPATH\Controllers\Admin.php(106): CodeIgniter\Debug\Exceptions->errorHandler(2, 'Undefined variable $categorias', 'C:\\xampp\\htdocs\\FAMISALUD\\app\\Controllers\\Admin.php', 106)
 2 SYSTEMPATH\CodeIgniter.php(934): App\Controllers\Admin->actualizar_estadocita()
 3 SYSTEMPATH\CodeIgniter.php(499): CodeIgniter\CodeIgniter->runController(Object(App\Controllers\Admin))
 4 SYSTEMPATH\CodeIgniter.php(368): CodeIgniter\CodeIgniter->handleRequest(null, Object(Config\Cache), false)
 5 FCPATH\index.php(67): CodeIgniter\CodeIgniter->run()
